#
# A fatal error has been detected by the Java Runtime Environment:
#
#  EXCEPTION_ACCESS_VIOLATION (0xc0000005) at pc=0x0000000078aae9f9, pid=1464, tid=7128
#
# JRE version: 6.0_17-b04
# Java VM: Java HotSpot(TM) 64-Bit Server VM (14.3-b01 mixed mode windows-amd64 )
# Problematic frame:
# V  [jvm.dll+0x23e9f9]
#
# If you would like to submit a bug report, please visit:
#   http://java.sun.com/webapps/bugreport/crash.jsp
#

---------------  T H R E A D  ---------------

Current thread (0x000000005e799000):  JavaThread "AWT-EventQueue-0" [_thread_in_vm, id=7128, stack(0x0000000019180000,0x0000000019200000)]

siginfo: ExceptionCode=0xc0000005, reading address 0x0000000000000001

Registers:
EAX=0x0000000000000001, EBX=0x0000000005b05200, ECX=0x0000000005b1e7b0, EDX=0x00000000fb508498
ESP=0x00000000191fece0, EBP=0x00000000fb508498, ESI=0x00000000fb508498, EDI=0x0000000005b1e7b0
EIP=0x0000000078aae9f9, EFLAGS=0x0000000000010202

Top of Stack: (sp=0x00000000191fece0)
0x00000000191fece0:   000000000000000f 0000000000000020
0x00000000191fecf0:   70657234000e0006 00000000800a0ec8
0x00000000191fed00:   00000000191fed70 0000000078aaeb14
0x00000000191fed10:   0000000005b05200 00000000191fee40
0x00000000191fed20:   00000000fb508498 000000005e6e3f28
0x00000000191fed30:   000000005e7991b8 0000000078a6f749
0x00000000191fed40:   00000000191fedf8 00000000191fedf0
0x00000000191fed50:   000000005e6e3f28 000000005e799000
0x00000000191fed60:   000000005e799000 0000000000000000
0x00000000191fed70:   0000000005bd02a8 fffffffffffffffe
0x00000000191fed80:   0000000088fe36e8 00000000731eba81
0x00000000191fed90:   000000005e7991b8 00000000191fee40
0x00000000191feda0:   00000000191fedf8 00000000800a0ec8
0x00000000191fedb0:   0000000000000000 000000007a0d57e0
0x00000000191fedc0:   000000008a64b488 00000000299e2069
0x00000000191fedd0:   00000000fb508498 000000008bec0428 

Instructions: (pc=0x0000000078aae9f9)
0x0000000078aae9e9:   c1 89 8a 00 01 00 00 eb 11 48 8b 87 20 01 00 00
0x0000000078aae9f9:   48 8b 08 48 89 8f 20 01 00 00 4c 8b 64 24 20 48 


Stack: [0x0000000019180000,0x0000000019200000],  sp=0x00000000191fece0,  free space=507k
Native frames: (J=compiled Java code, j=interpreted, Vv=VM code, C=native code)
V  [jvm.dll+0x23e9f9]

Java frames: (J=compiled Java code, j=interpreted, Vv=VM code)
J  sun.awt.windows.WComponentPeer.nativeHandleEvent(Ljava/awt/AWTEvent;)V
J  sun.awt.windows.WWindowPeer.handleEvent(Ljava/awt/AWTEvent;)V
J  java.awt.Component.dispatchEventImpl(Ljava/awt/AWTEvent;)V
J  java.awt.Container.dispatchEventImpl(Ljava/awt/AWTEvent;)V
J  java.awt.Window.dispatchEventImpl(Ljava/awt/AWTEvent;)V
J  java.awt.DefaultKeyboardFocusManager.typeAheadAssertions(Ljava/awt/Component;Ljava/awt/AWTEvent;)Z
J  java.awt.DefaultKeyboardFocusManager.dispatchEvent(Ljava/awt/AWTEvent;)Z
J  java.awt.Component.dispatchEventImpl(Ljava/awt/AWTEvent;)V
J  java.awt.Container.dispatchEventImpl(Ljava/awt/AWTEvent;)V
J  java.awt.Window.dispatchEventImpl(Ljava/awt/AWTEvent;)V
J  java.awt.SequencedEvent.dispatch()V
J  java.awt.EventDispatchThread.pumpEventsForFilter(ILjava/awt/Conditional;Ljava/awt/EventFilter;)V
j  java.awt.EventDispatchThread.pumpEventsForHierarchy(ILjava/awt/Conditional;Ljava/awt/Component;)V+11
j  java.awt.EventDispatchThread.pumpEvents(ILjava/awt/Conditional;)V+4
j  java.awt.EventDispatchThread.pumpEvents(Ljava/awt/Conditional;)V+3
j  java.awt.EventDispatchThread.run()V+9
v  ~StubRoutines::call_stub

---------------  P R O C E S S  ---------------

Java Threads: ( => current thread )
  0x000000005e7df800 JavaThread "Code Analyzer updating thread" [_thread_blocked, id=464, stack(0x0000000008fc0000,0x0000000009040000)]
  0x000000005e7e6800 JavaThread "Code Analyzer updating thread" [_thread_blocked, id=3352, stack(0x0000000008dd0000,0x0000000008e50000)]
  0x000000005e7dd000 JavaThread "Foxtrot Single Worker Thread #1" daemon [_thread_blocked, id=6584, stack(0x0000000008890000,0x0000000008910000)]
  0x000000005e7e7000 JavaThread "Prefs Updater" daemon [_thread_blocked, id=6044, stack(0x0000000008630000,0x00000000086b0000)]
  0x000000005e7e5000 JavaThread "Swing-Shell" daemon [_thread_blocked, id=6104, stack(0x0000000025960000,0x00000000259e0000)]
  0x000000005e7e3000 JavaThread "Code Analyzer updating thread" [_thread_blocked, id=3752, stack(0x0000000069bc0000,0x0000000069c40000)]
  0x000000005e7e0800 JavaThread "Active Reference Queue Daemon" daemon [_thread_blocked, id=2880, stack(0x00000000551f0000,0x0000000055270000)]
  0x000000005e7e2000 JavaThread "Timer-6" daemon [_thread_blocked, id=4724, stack(0x0000000069b10000,0x0000000069b90000)]
  0x000000005e7e1800 JavaThread "Timer-5" daemon [_thread_blocked, id=5940, stack(0x0000000069a50000,0x0000000069ad0000)]
  0x000000005e7e0000 JavaThread "Explorer NavigationContext request queue" [_thread_blocked, id=4880, stack(0x0000000069970000,0x00000000699f0000)]
  0x000000005e7de800 JavaThread "AddressBar directory emptiness poller" [_thread_blocked, id=2348, stack(0x0000000051010000,0x0000000051090000)]
  0x000000005e7de000 JavaThread "Explorer Refresh Service 1265768998" [_thread_blocked, id=6400, stack(0x0000000055160000,0x00000000551e0000)]
  0x000000005e7dc800 JavaThread "Timer-1" daemon [_thread_blocked, id=7160, stack(0x0000000034910000,0x0000000034990000)]
  0x000000005e7db800 JavaThread "TimerQueue" daemon [_thread_blocked, id=2044, stack(0x000000001d380000,0x000000001d400000)]
  0x000000005e7db000 JavaThread "Thread-5" daemon [_thread_blocked, id=5336, stack(0x0000000030720000,0x00000000307a0000)]
  0x000000005e7da000 JavaThread "FelixPackageAdmin" daemon [_thread_blocked, id=5640, stack(0x00000000255a0000,0x0000000025620000)]
  0x000000005e7a0000 JavaThread "FelixStartLevel" daemon [_thread_blocked, id=5760, stack(0x0000000019210000,0x0000000019290000)]
  0x000000005e873800 JavaThread "FelixDispatchQueue" daemon [_thread_blocked, id=5900, stack(0x0000000021470000,0x00000000214f0000)]
=>0x000000005e799000 JavaThread "AWT-EventQueue-0" [_thread_in_vm, id=7128, stack(0x0000000019180000,0x0000000019200000)]
  0x000000005e5e2800 JavaThread "com.google.common.base.internal.Finalizer" daemon [_thread_blocked, id=4632, stack(0x0000000019100000,0x0000000019180000)]
  0x000000005e57a000 JavaThread "AWT-Windows" daemon [_thread_in_native, id=6892, stack(0x000000000fe30000,0x000000000feb0000)]
  0x000000005e09c000 JavaThread "AWT-Shutdown" [_thread_blocked, id=5912, stack(0x000000000fef0000,0x000000000ff70000)]
  0x000000005e09b000 JavaThread "Java2D Disposer" daemon [_thread_blocked, id=3388, stack(0x000000000fd80000,0x000000000fe00000)]
  0x000000005da37800 JavaThread "Timer-0" [_thread_blocked, id=2136, stack(0x000000000f960000,0x000000000f9e0000)]
  0x000000005e12e000 JavaThread "EventMgr Dispatcher" daemon [_thread_in_native, id=6516, stack(0x00000000097b0000,0x000000000d7b0000)]
  0x000000000fbcc800 JavaThread "Low Memory Detector" daemon [_thread_blocked, id=4016, stack(0x000000000fce0000,0x000000000fd60000)]
  0x000000000fbc6000 JavaThread "CompilerThread1" daemon [_thread_blocked, id=3472, stack(0x0000000055280000,0x0000000059280000)]
  0x000000000fb7d800 JavaThread "CompilerThread0" daemon [_thread_blocked, id=6624, stack(0x00000000510a0000,0x00000000550a0000)]
  0x000000000fb7c800 JavaThread "Attach Listener" daemon [_thread_blocked, id=5176, stack(0x000000000dba0000,0x000000000dc20000)]
  0x000000000fb69000 JavaThread "Finalizer" daemon [_thread_blocked, id=4920, stack(0x000000000fc20000,0x000000000fca0000)]
  0x000000000fb5b000 JavaThread "Reference Handler" daemon [_thread_blocked, id=5796, stack(0x000000000e650000,0x000000000e6d0000)]
  0x0000000005bde800 JavaThread "main" [_thread_blocked, id=5736, stack(0x0000000000150000,0x0000000004150000)]

Other Threads:
  0x000000000fb55800 VMThread [stack: 0x000000004cf00000,0x0000000050f00000] [id=6640]
  0x0000000059288800 WatcherThread [stack: 0x0000000059710000,0x000000005d710000] [id=5244]

VM state:not at safepoint (normal execution)

VM Mutex/Monitor currently owned by a thread:  ([mutex/lock_event])
[0x0000000005b05200] JNIGlobalHandle_lock - owner thread: 0x000000005e799000

Heap
 PSYoungGen      total 518656K, used 332163K [0x00000000e7100000, 0x0000000106c00000, 0x0000000106c00000)
  eden space 518272K, 64% used [0x00000000e7100000,0x00000000fb518de8,0x0000000106b20000)
  from space 384K, 75% used [0x0000000106b20000,0x0000000106b68000,0x0000000106b80000)
  to   space 384K, 0% used [0x0000000106ba0000,0x0000000106ba0000,0x0000000106c00000)
 PSOldGen        total 103744K, used 77182K [0x0000000088000000, 0x000000008e550000, 0x00000000e7100000)
  object space 103744K, 74% used [0x0000000088000000,0x000000008cb5faa8,0x000000008e550000)
 PSPermGen       total 109696K, used 65928K [0x0000000080000000, 0x0000000086b20000, 0x0000000088000000)
  object space 109696K, 60% used [0x0000000080000000,0x00000000840621c0,0x0000000086b20000)

Dynamic libraries:
0x000000013f160000 - 0x000000013f18d000 	C:\Program Files\MATLAB_RONNY\MATLAB\R2012b\bin\win64\MATLAB.exe
0x0000000077150000 - 0x00000000772fa000 	C:\Windows\SYSTEM32\ntdll.dll
0x0000000076f30000 - 0x000000007704f000 	C:\Windows\system32\kernel32.dll
0x000007fefd050000 - 0x000007fefd0ba000 	C:\Windows\system32\KERNELBASE.dll
0x0000000074460000 - 0x000000007451f000 	C:\Program Files\MATLAB_RONNY\MATLAB\R2012b\bin\win64\libut.dll
0x00000000758a0000 - 0x000000007595c000 	C:\Program Files\MATLAB_RONNY\MATLAB\R2012b\bin\win64\libmwi18n.dll
0x0000000180000000 - 0x000000018000b000 	C:\Program Files\MATLAB_RONNY\MATLAB\R2012b\bin\win64\libmwresource_core.dll
0x00000000719f0000 - 0x0000000071ac3000 	C:\Windows\WinSxS\amd64_microsoft.vc90.crt_1fc8b3b9a1e18e3b_9.0.30729.6161_none_08e61857a83bc251\MSVCP90.dll
0x0000000071940000 - 0x00000000719e3000 	C:\Windows\WinSxS\amd64_microsoft.vc90.crt_1fc8b3b9a1e18e3b_9.0.30729.6161_none_08e61857a83bc251\MSVCR90.dll
0x000000007a170000 - 0x000000007a19c000 	C:\Program Files\MATLAB_RONNY\MATLAB\R2012b\bin\win64\boost_filesystem-vc90-mt-1_44.dll
0x000000007a560000 - 0x000000007a569000 	C:\Program Files\MATLAB_RONNY\MATLAB\R2012b\bin\win64\boost_system-vc90-mt-1_44.dll
0x000007feff1a0000 - 0x000007feff27b000 	C:\Windows\system32\ADVAPI32.dll
0x000007fefdb50000 - 0x000007fefdbef000 	C:\Windows\system32\msvcrt.dll
0x000007fefd980000 - 0x000007fefd99f000 	C:\Windows\SYSTEM32\sechost.dll
0x000007fefe0b0000 - 0x000007fefe1dd000 	C:\Windows\system32\RPCRT4.dll
0x000000007a010000 - 0x000000007a035000 	C:\Program Files\MATLAB_RONNY\MATLAB\R2012b\bin\win64\LIBEXPAT.dll
0x000000006c620000 - 0x000000006c811000 	C:\Program Files\MATLAB_RONNY\MATLAB\R2012b\bin\win64\icuin44.dll
0x000000006e270000 - 0x000000006e3e1000 	C:\Program Files\MATLAB_RONNY\MATLAB\R2012b\bin\win64\icuuc44.dll
0x0000000010000000 - 0x0000000010e41000 	C:\Program Files\MATLAB_RONNY\MATLAB\R2012b\bin\win64\icudt44.dll
0x0000000073f70000 - 0x000000007411d000 	C:\Program Files\MATLAB_RONNY\MATLAB\R2012b\bin\win64\libmwfl.dll
0x0000000004310000 - 0x00000000046c6000 	C:\Program Files\MATLAB_RONNY\MATLAB\R2012b\bin\win64\libmwMATLAB_res.dll
0x000000007a3b0000 - 0x000000007a3c0000 	C:\Program Files\MATLAB_RONNY\MATLAB\R2012b\bin\win64\boost_date_time-vc90-mt-1_44.dll
0x000000007a250000 - 0x000000007a263000 	C:\Program Files\MATLAB_RONNY\MATLAB\R2012b\bin\win64\boost_signals-vc90-mt-1_44.dll
0x000000007a2d0000 - 0x000000007a2e2000 	C:\Program Files\MATLAB_RONNY\MATLAB\R2012b\bin\win64\boost_thread-vc90-mt-1_44.dll
0x00000000046d0000 - 0x000000000478d000 	C:\Program Files\MATLAB_RONNY\MATLAB\R2012b\bin\win64\boost_log-vc90-mt-1_44.dll
0x0000000077320000 - 0x0000000077327000 	C:\Windows\system32\PSAPI.DLL
0x000007fefd200000 - 0x000007fefd24d000 	C:\Windows\system32\WS2_32.dll
0x000007fefd970000 - 0x000007fefd978000 	C:\Windows\system32\NSI.dll
0x00000000041a0000 - 0x00000000041e6000 	C:\Program Files\MATLAB_RONNY\MATLAB\R2012b\bin\win64\tbb.dll
0x000007fefda20000 - 0x000007fefda39000 	C:\Windows\system32\imagehlp.dll
0x0000000072590000 - 0x00000000725a3000 	C:\Program Files\MATLAB_RONNY\MATLAB\R2012b\bin\win64\icuio44.dll
0x000007feead80000 - 0x000007feeaea5000 	C:\Windows\system32\dbghelp.dll
0x0000000077050000 - 0x000000007714a000 	C:\Windows\system32\USER32.dll
0x000007fefdae0000 - 0x000007fefdb47000 	C:\Windows\system32\GDI32.dll
0x000007fefd250000 - 0x000007fefd25e000 	C:\Windows\system32\LPK.dll
0x000007fefdfe0000 - 0x000007fefe0ab000 	C:\Windows\system32\USP10.dll
0x0000000004790000 - 0x0000000004a6c000 	C:\Program Files\MATLAB_RONNY\MATLAB\R2012b\bin\win64\libmwservices.dll
0x0000000075a20000 - 0x0000000075af3000 	C:\Program Files\MATLAB_RONNY\MATLAB\R2012b\bin\win64\libmx.dll
0x0000000004a90000 - 0x0000000004ab9000 	C:\Program Files\MATLAB_RONNY\MATLAB\R2012b\bin\win64\tbbmalloc.dll
0x000000007a210000 - 0x000000007a228000 	C:\Program Files\MATLAB_RONNY\MATLAB\R2012b\bin\win64\zlib1.dll
0x0000000004ae0000 - 0x0000000004b2d000 	C:\Program Files\MATLAB_RONNY\MATLAB\R2012b\bin\win64\libmwregexp.dll
0x0000000004b40000 - 0x0000000004b63000 	C:\Program Files\MATLAB_RONNY\MATLAB\R2012b\bin\win64\libmwmfl_scalar.dll
0x0000000075f10000 - 0x0000000075f60000 	C:\Program Files\MATLAB_RONNY\MATLAB\R2012b\bin\win64\mpath.dll
0x000000007b680000 - 0x000000007bc9a000 	C:\Program Files\MATLAB_RONNY\MATLAB\R2012b\bin\win64\mlutil.dll
0x00000000754d0000 - 0x0000000075551000 	C:\Program Files\MATLAB_RONNY\MATLAB\R2012b\bin\win64\xmlcore.dll
0x0000000004bb0000 - 0x0000000004e03000 	C:\Program Files\MATLAB_RONNY\MATLAB\R2012b\bin\win64\xerces-c_2_7.dll
0x0000000004e20000 - 0x0000000004e40000 	C:\Program Files\MATLAB_RONNY\MATLAB\R2012b\bin\win64\libmwMATLAB_settings_res.dll
0x0000000004e50000 - 0x0000000004e60000 	C:\Program Files\MATLAB_RONNY\MATLAB\R2012b\bin\win64\boost_iostreams-vc90-mt-1_44.dll
0x0000000004e70000 - 0x0000000004eb7000 	C:\Program Files\MATLAB_RONNY\MATLAB\R2012b\bin\win64\boost_serialization-vc90-mt-1_44.dll
0x000007fefe410000 - 0x000007feff19a000 	C:\Windows\system32\SHELL32.dll
0x000007fefd9a0000 - 0x000007fefda11000 	C:\Windows\system32\SHLWAPI.dll
0x000007fef85a0000 - 0x000007fef8640000 	C:\Windows\WinSxS\amd64_microsoft.windows.common-controls_6595b64144ccf1df_5.82.7601.18837_none_a4d981ff711297b6\COMCTL32.dll
0x000007fefda40000 - 0x000007fefdad7000 	C:\Windows\system32\COMDLG32.dll
0x000007fefac90000 - 0x000007fefaca6000 	C:\Windows\system32\NETAPI32.dll
0x000007fefac80000 - 0x000007fefac8c000 	C:\Windows\system32\netutils.dll
0x000007fefc9a0000 - 0x000007fefc9c3000 	C:\Windows\system32\srvcli.dll
0x000007fefac60000 - 0x000007fefac75000 	C:\Windows\system32\wkscli.dll
0x000007fefdbf0000 - 0x000007fefddec000 	C:\Windows\system32\ole32.dll
0x000007fefdf00000 - 0x000007fefdfda000 	C:\Windows\system32\OLEAUT32.dll
0x0000000074970000 - 0x0000000074a31000 	C:\Program Files\MATLAB_RONNY\MATLAB\R2012b\bin\win64\mcr.dll
0x0000000075000000 - 0x00000000753e9000 	C:\Program Files\MATLAB_RONNY\MATLAB\R2012b\bin\win64\iqm.dll
0x0000000074e80000 - 0x0000000074f38000 	C:\Program Files\MATLAB_RONNY\MATLAB\R2012b\bin\win64\m_dispatcher.dll
0x0000000074880000 - 0x000000007496d000 	C:\Program Files\MATLAB_RONNY\MATLAB\R2012b\bin\win64\boost_regex-vc90-mt-1_44.dll
0x000007fee3d70000 - 0x000007fee45e1000 	C:\Program Files\MATLAB_RONNY\MATLAB\R2012b\bin\win64\m_interpreter.dll
0x0000000072560000 - 0x0000000072587000 	C:\Program Files\MATLAB_RONNY\MATLAB\R2012b\bin\win64\libmex.dll
0x000000006e110000 - 0x000000006e194000 	C:\Program Files\MATLAB_RONNY\MATLAB\R2012b\bin\win64\profiler.dll
0x0000000004f40000 - 0x00000000051aa000 	C:\Program Files\MATLAB_RONNY\MATLAB\R2012b\bin\win64\libmwmathutil.dll
0x0000000079f40000 - 0x0000000079f6e000 	C:\Program Files\MATLAB_RONNY\MATLAB\R2012b\bin\win64\libmwmathrng.dll
0x00000000051d0000 - 0x00000000051e2000 	C:\Program Files\MATLAB_RONNY\MATLAB\R2012b\bin\win64\libmwmfl_rng.dll
0x0000000074c10000 - 0x0000000074cee000 	C:\Program Files\MATLAB_RONNY\MATLAB\R2012b\bin\win64\libmwmathcore.dll
0x0000000076160000 - 0x00000000761ca000 	C:\Program Files\MATLAB_RONNY\MATLAB\R2012b\bin\win64\libmwspmatrix.dll
0x0000000075ea0000 - 0x0000000075f02000 	C:\Program Files\MATLAB_RONNY\MATLAB\R2012b\bin\win64\libmwcholmod.dll
0x000000007a460000 - 0x000000007a46d000 	C:\Program Files\MATLAB_RONNY\MATLAB\R2012b\bin\win64\libmwamd.dll
0x000000007a4b0000 - 0x000000007a4bc000 	C:\Program Files\MATLAB_RONNY\MATLAB\R2012b\bin\win64\libmwcolamd.dll
0x000000007a290000 - 0x000000007a2a9000 	C:\Program Files\MATLAB_RONNY\MATLAB\R2012b\bin\win64\libmwblas.dll
0x000000007a310000 - 0x000000007a321000 	C:\Program Files\MATLAB_RONNY\MATLAB\R2012b\bin\win64\libmwbinder.dll
0x000000007a4d0000 - 0x000000007a4dc000 	C:\Program Files\MATLAB_RONNY\MATLAB\R2012b\bin\win64\libmwompwrapper.dll
0x0000000005280000 - 0x0000000005305000 	C:\Program Files\MATLAB_RONNY\MATLAB\R2012b\bin\win64\libmwlapack.dll
0x0000000072530000 - 0x0000000072551000 	C:\Program Files\MATLAB_RONNY\MATLAB\R2012b\bin\win64\m_pcodeio.dll
0x0000000079b10000 - 0x0000000079b77000 	C:\Program Files\MATLAB_RONNY\MATLAB\R2012b\bin\win64\m_ir.dll
0x000000006bac0000 - 0x000000006c130000 	C:\Program Files\MATLAB_RONNY\MATLAB\R2012b\bin\win64\m_parser.dll
0x0000000072510000 - 0x000000007252a000 	C:\Program Files\MATLAB_RONNY\MATLAB\R2012b\bin\win64\ir_xfmr.dll
0x000007fee5570000 - 0x000007fee5806000 	C:\Program Files\MATLAB_RONNY\MATLAB\R2012b\bin\win64\mcos.dll
0x00000000724f0000 - 0x0000000072501000 	C:\Program Files\MATLAB_RONNY\MATLAB\R2012b\bin\win64\mtok.dll
0x000000006e0d0000 - 0x000000006e101000 	C:\Program Files\MATLAB_RONNY\MATLAB\R2012b\bin\win64\m_pcodegen.dll
0x0000000079fb0000 - 0x0000000079fe6000 	C:\Program Files\MATLAB_RONNY\MATLAB\R2012b\bin\win64\libmwbridge.dll
0x000000006cc90000 - 0x000000006cd58000 	C:\Program Files\MATLAB_RONNY\MATLAB\R2012b\bin\win64\udd.dll
0x000000006b960000 - 0x000000006bab2000 	C:\Program Files\MATLAB_RONNY\MATLAB\R2012b\bin\win64\libmwgui.dll
0x0000000071180000 - 0x0000000071197000 	C:\Program Files\MATLAB_RONNY\MATLAB\R2012b\bin\win64\graphics_util.dll
0x000000006af00000 - 0x000000006b95f000 	C:\Program Files\MATLAB_RONNY\MATLAB\R2012b\bin\win64\hg.dll
0x00000000053e0000 - 0x0000000005448000 	C:\Program Files\MATLAB_RONNY\MATLAB\R2012b\bin\win64\libmat.dll
0x0000000072d30000 - 0x0000000072f44000 	C:\Program Files\MATLAB_RONNY\MATLAB\R2012b\bin\win64\hdf5dll.dll
0x0000000075710000 - 0x00000000757de000 	C:\Program Files\MATLAB_RONNY\MATLAB\R2012b\bin\win64\jmi.dll
0x0000000005480000 - 0x000000000548d000 	C:\Program Files\MATLAB_RONNY\MATLAB\R2012b\bin\win64\nativejava_services.dll
0x000000006e080000 - 0x000000006e0c6000 	C:\Program Files\MATLAB_RONNY\MATLAB\R2012b\bin\win64\libmwhardcopy.dll
0x000000006cc20000 - 0x000000006cc83000 	C:\Program Files\MATLAB_RONNY\MATLAB\R2012b\bin\win64\libuij.dll
0x000000006ac90000 - 0x000000006aef4000 	C:\Program Files\MATLAB_RONNY\MATLAB\R2012b\bin\win64\hgdatatypes.dll
0x000000006c500000 - 0x000000006c61f000 	C:\Program Files\MATLAB_RONNY\MATLAB\R2012b\bin\win64\hgutils.dll
0x000000006abd0000 - 0x000000006ac90000 	C:\Program Files\MATLAB_RONNY\MATLAB\R2012b\bin\win64\udd_mi.dll
0x00000000054f0000 - 0x000000000552b000 	C:\Program Files\MATLAB_RONNY\MATLAB\R2012b\bin\win64\libmwgbtutils.dll
0x0000000005540000 - 0x000000000555b000 	C:\Program Files\MATLAB_RONNY\MATLAB\R2012b\bin\win64\libmwgbt.dll
0x0000000005570000 - 0x0000000005841000 	C:\Program Files\MATLAB_RONNY\MATLAB\R2012b\bin\win64\uiw.dll
0x0000000072610000 - 0x000000007261f000 	C:\Program Files\MATLAB_RONNY\MATLAB\R2012b\bin\win64\uinone.dll
0x0000000005870000 - 0x0000000005899000 	C:\Program Files\MATLAB_RONNY\MATLAB\R2012b\bin\win64\libmwnativefiledialogs.dll
0x00000000058b0000 - 0x00000000058b8000 	C:\Program Files\MATLAB_RONNY\MATLAB\R2012b\bin\win64\libmwplatform_res.dll
0x000007fef56d0000 - 0x000007fef56e8000 	C:\Windows\system32\MPR.dll
0x000000006a6e0000 - 0x000000006abc4000 	C:\Windows\WinSxS\amd64_microsoft.vc90.mfc_1fc8b3b9a1e18e3b_9.0.30729.6161_none_044aad0bab1eb146\mfc90.dll
0x000007fef9280000 - 0x000007fef9287000 	C:\Windows\system32\MSIMG32.dll
0x000007fef8520000 - 0x000007fef8591000 	C:\Windows\system32\WINSPOOL.DRV
0x000000006e240000 - 0x000000006e262000 	C:\Program Files\MATLAB_RONNY\MATLAB\R2012b\bin\win64\mwoles05.DLL
0x000000006cba0000 - 0x000000006cc1d000 	C:\Program Files\MATLAB_RONNY\MATLAB\R2012b\bin\win64\comcli.dll
0x0000000071ad0000 - 0x0000000071aff000 	C:\Windows\WinSxS\amd64_microsoft.vc90.atl_1fc8b3b9a1e18e3b_9.0.30729.6161_none_0a1fd3a3a768b895\ATL90.DLL
0x00000000724e0000 - 0x00000000724ec000 	C:\Program Files\MATLAB_RONNY\MATLAB\R2012b\bin\win64\mlautoregister.dll
0x000007fefddf0000 - 0x000007fefde1e000 	C:\Windows\system32\IMM32.DLL
0x000007fefd860000 - 0x000007fefd969000 	C:\Windows\system32\MSCTF.dll
0x000007fefb3d0000 - 0x000007fefb426000 	C:\Windows\system32\UxTheme.dll
0x000007fef95a0000 - 0x000007fef95b8000 	C:\Windows\system32\dwmapi.dll
0x0000000072410000 - 0x000000007241d000 	C:\Windows\WinSxS\amd64_microsoft.vc90.mfcloc_1fc8b3b9a1e18e3b_9.0.30729.6161_none_01c9581e60cbee58\MFC90ENU.DLL
0x0000000078870000 - 0x0000000078ecd000 	C:\Program Files\MATLAB_RONNY\MATLAB\R2012b\sys\java\jre\win64\jre\bin\server\jvm.dll
0x000007fef8640000 - 0x000007fef867b000 	C:\Windows\system32\WINMM.dll
0x000007fefce40000 - 0x000007fefce4f000 	C:\Windows\system32\profapi.dll
0x000007fefac40000 - 0x000007fefac55000 	C:\Windows\system32\NLAapi.dll
0x000007fef60a0000 - 0x000007fef60b5000 	C:\Windows\system32\napinsp.dll
0x000007fef6080000 - 0x000007fef6099000 	C:\Windows\system32\pnrpnsp.dll
0x000007fefc5d0000 - 0x000007fefc625000 	C:\Windows\System32\mswsock.dll
0x000007fefc450000 - 0x000007fefc4ab000 	C:\Windows\system32\DNSAPI.dll
0x000007fef6070000 - 0x000007fef607b000 	C:\Windows\System32\winrnr.dll
0x000007fef6060000 - 0x000007fef6070000 	C:\Windows\system32\wshbth.dll

VM Arguments:
jvm_args: -Xss512k -XX:PermSize=32m -Xms64m -XX:NewRatio=3 -XX:MaxPermSize=128m -Xmx2027m -XX:MaxDirectMemorySize=2147400000 -Dsun.java2d.noddraw=true -Dsun.awt.nopixfmt=true -Xshare:off -Xrs -Dsun.awt.disableMixing=true -Djava.library.path=C:\Program Files\MATLAB_RONNY\MATLAB\R2012b\bin\win64;C:\Program Files\MATLAB_RONNY\MATLAB\R2012b\sys\jxbrowser\win64\lib vfprintf abort 
java_command: <unknown>
Launcher Type: generic

Environment Variables:
CLASSPATH=.;C:\Program Files (x86)\QuickTime\QTSystem\QTJava.zip
PATH=C:\Program Files\NVIDIA GPU Computing Toolkit\CUDA\v8.0\bin;C:\Program Files\NVIDIA GPU Computing Toolkit\CUDA\v8.0\libnvvp;C:\ProgramData\Oracle\Java\javapath;C:\Program Files\Common Files\Microsoft Shared\Windows Live;C:\Program Files (x86)\Common Files\Microsoft Shared\Windows Live;C:\Program Files (x86)\Intel\iCLS Client\;C:\Program Files\Intel\iCLS Client\;C:\Windows\system32;C:\Windows;C:\Windows\System32\Wbem;C:\Windows\System32\WindowsPowerShell\v1.0\;C:\Program Files\Intel\Intel(R) Management Engine Components\DAL;C:\Program Files\Intel\Intel(R) Management Engine Components\IPT;C:\Program Files (x86)\Intel\Intel(R) Management Engine Components\DAL;C:\Program Files (x86)\Intel\Intel(R) Management Engine Components\IPT;C:\Program Files (x86)\Windows Live\Shared;C:\Program Files (x86)\QuickTime\QTSystem\;C:\Program Files\SlikSvn\bin;C:\Program Files\MATLAB\MATLAB Production Server\R2015a\runtime\win64;C:\Program Files\MATLAB\MATLAB Production Server\R2015a\bin;C:\Program Files\MATLAB\MATLAB Production Server\R2015a\polyspace\bin;C:\Program Files (x86)\Muse;C:\Program Files\nodejs\;C:\Program Files (x86)\Skype\Phone\;C:\Program Files\MiKTeX 2.9\miktex\bin\x64\;C:\Program Files (x86)\NVIDIA Corporation\PhysX\Common;C:\Program Files\Java\jdk1.8.0_65\bin;C:\Users\Like_A\AppData\Roaming\npm;C:\Program Files\MATLAB_RONNY\MATLAB\R2012b\toolbox\imaq\imaqextern\drivers\win64\genicam\GenICam_v2_3\bin\Win64_x64
USERNAME=Like_A
OS=Windows_NT
PROCESSOR_IDENTIFIER=Intel64 Family 6 Model 60 Stepping 3, GenuineIntel



---------------  S Y S T E M  ---------------

OS: Windows 7 Build 7601 Service Pack 1

CPU:total 8 (8 cores per cpu, 2 threads per core) family 6 model 60 stepping 3, cmov, cx8, fxsr, mmx, sse, sse2, sse3, ssse3, sse4.1, sse4.2, ht

Memory: 4k page, physical 8304136k(4955528k free), swap 16606412k(13146856k free)

vm_info: Java HotSpot(TM) 64-Bit Server VM (14.3-b01) for windows-amd64 JRE (1.6.0_17-b04), built on Oct 11 2009 00:46:08 by "java_re" with MS VC++ 8.0

time: Fri Jul 14 20:01:56 2017
elapsed time: 8570 seconds

