#
# A fatal error has been detected by the Java Runtime Environment:
#
#  EXCEPTION_ACCESS_VIOLATION (0xc0000005) at pc=0x0000000078aae9f9, pid=1824, tid=3432
#
# JRE version: 6.0_17-b04
# Java VM: Java HotSpot(TM) 64-Bit Server VM (14.3-b01 mixed mode windows-amd64 )
# Problematic frame:
# V  [jvm.dll+0x23e9f9]
#
# If you would like to submit a bug report, please visit:
#   http://java.sun.com/webapps/bugreport/crash.jsp
#

---------------  T H R E A D  ---------------

Current thread (0x000000005e55c800):  JavaThread "AWT-EventQueue-0" [_thread_in_vm, id=3432, stack(0x0000000010e60000,0x0000000010ee0000)]

siginfo: ExceptionCode=0xc0000005, reading address 0x0000000000000001

Registers:
EAX=0x0000000000000001, EBX=0x0000000005f65200, ECX=0x0000000005fef530, EDX=0x000000008b4ad970
ESP=0x0000000010ede770, EBP=0x000000008b4ad970, ESI=0x000000008b4ad970, EDI=0x0000000005fef530
EIP=0x0000000078aae9f9, EFLAGS=0x0000000000010202

Top of Stack: (sp=0x0000000010ede770)
0x0000000010ede770:   0000000000000004 0000000000000004
0x0000000010ede780:   0000000010ede580 0000000078a88418
0x0000000010ede790:   000000005e55c800 0000000078aaeb14
0x0000000010ede7a0:   0000000005f65200 0000000010ede8f0
0x0000000010ede7b0:   000000008b4ad970 000000005e2fba28
0x0000000010ede7c0:   0000000010ede8b8 0000000078a6f749
0x0000000010ede7d0:   0000000010ede8c0 000000005e55c9b8
0x0000000010ede7e0:   000000005e2fba28 000000005e55c800
0x0000000010ede7f0:   000000005e55c800 0000000000000000
0x0000000010ede800:   000000005d8e4d58 fffffffffffffffe
0x0000000010ede810:   0000000010ede8a0 000000000fe84e5c
0x0000000010ede820:   0000000010ede8b8 00000151d5c76118
0x0000000010ede830:   0000000010ede8c0 000000005e55c9b8
0x0000000010ede840:   0000000000000000 00000151d5c76118
0x0000000010ede850:   0000000010ede9a0 000000005e55c800
0x0000000010ede860:   0000000000000001 00000151d5c76118 

Instructions: (pc=0x0000000078aae9f9)
0x0000000078aae9e9:   c1 89 8a 00 01 00 00 eb 11 48 8b 87 20 01 00 00
0x0000000078aae9f9:   48 8b 08 48 89 8f 20 01 00 00 4c 8b 64 24 20 48 


Stack: [0x0000000010e60000,0x0000000010ee0000],  sp=0x0000000010ede770,  free space=505k
Native frames: (J=compiled Java code, j=interpreted, Vv=VM code, C=native code)
V  [jvm.dll+0x23e9f9]

Java frames: (J=compiled Java code, j=interpreted, Vv=VM code)
J  sun.awt.windows.WComponentPeer._requestFocus(Ljava/awt/Component;ZZJLsun/awt/CausedFocusEvent$Cause;)Z
J  java.awt.Component.requestFocusHelper(ZZLsun/awt/CausedFocusEvent$Cause;)Z
J  java.awt.Component.requestFocus()V
v  ~StubRoutines::call_stub
J  sun.reflect.NativeMethodAccessorImpl.invoke0(Ljava/lang/reflect/Method;Ljava/lang/Object;[Ljava/lang/Object;)Ljava/lang/Object;
J  sun.reflect.NativeMethodAccessorImpl.invoke(Ljava/lang/Object;[Ljava/lang/Object;)Ljava/lang/Object;
J  java.lang.reflect.Method.invoke(Ljava/lang/Object;[Ljava/lang/Object;)Ljava/lang/Object;
J  com.mathworks.jmi.AWTUtilities$WatchedRunnable.run()V
J  java.awt.event.InvocationEvent.dispatch()V
J  java.awt.EventDispatchThread.pumpOneEventForFilters(I)Z
J  java.awt.EventDispatchThread.pumpEventsForFilter(ILjava/awt/Conditional;Ljava/awt/EventFilter;)V
j  java.awt.EventDispatchThread.pumpEventsForHierarchy(ILjava/awt/Conditional;Ljava/awt/Component;)V+11
j  java.awt.EventDispatchThread.pumpEvents(ILjava/awt/Conditional;)V+4
j  java.awt.EventDispatchThread.pumpEvents(Ljava/awt/Conditional;)V+3
j  java.awt.EventDispatchThread.run()V+9
v  ~StubRoutines::call_stub

---------------  P R O C E S S  ---------------

Java Threads: ( => current thread )
  0x000000005e69e000 JavaThread "Swing-Shell" daemon [_thread_blocked, id=5284, stack(0x000000000ec80000,0x000000000ed00000)]
  0x000000005e69c000 JavaThread "Code Analyzer updating thread" [_thread_blocked, id=3560, stack(0x0000000071910000,0x0000000071990000)]
  0x000000005e69b800 JavaThread "Code Analyzer updating thread" [_thread_blocked, id=5960, stack(0x0000000070680000,0x0000000070700000)]
  0x000000005e699000 JavaThread "Code Analyzer updating thread" [_thread_blocked, id=856, stack(0x0000000070760000,0x00000000707e0000)]
  0x000000005e69a000 JavaThread "Active Reference Queue Daemon" daemon [_thread_blocked, id=2828, stack(0x000000006dce0000,0x000000006dd60000)]
  0x000000005e698800 JavaThread "Timer-7" daemon [_thread_blocked, id=4724, stack(0x000000006d8c0000,0x000000006d940000)]
  0x000000005e69a800 JavaThread "Timer-6" daemon [_thread_blocked, id=5244, stack(0x000000006db80000,0x000000006dc00000)]
  0x000000005e697800 JavaThread "Explorer NavigationContext request queue" [_thread_blocked, id=5936, stack(0x000000006df30000,0x000000006dfb0000)]
  0x000000005e695800 JavaThread "AddressBar directory emptiness poller" [_thread_blocked, id=2976, stack(0x000000003cb50000,0x000000003cbd0000)]
  0x000000005e695000 JavaThread "Explorer Refresh Service 1398807119" [_thread_blocked, id=5800, stack(0x000000006dae0000,0x000000006db60000)]
  0x000000005e693800 JavaThread "Timer-1" daemon [_thread_blocked, id=1632, stack(0x00000000212d0000,0x0000000021350000)]
  0x000000005e692800 JavaThread "TimerQueue" daemon [_thread_blocked, id=1124, stack(0x0000000015000000,0x0000000015080000)]
  0x000000005e692000 JavaThread "Thread-5" daemon [_thread_blocked, id=3776, stack(0x0000000040c50000,0x0000000040cd0000)]
  0x000000005e691000 JavaThread "FelixPackageAdmin" daemon [_thread_blocked, id=5840, stack(0x000000003cad0000,0x000000003cb50000)]
  0x000000005e7cc800 JavaThread "FelixStartLevel" daemon [_thread_blocked, id=5608, stack(0x0000000034910000,0x0000000034990000)]
  0x000000005e7cc000 JavaThread "FelixDispatchQueue" daemon [_thread_blocked, id=4868, stack(0x00000000389c0000,0x0000000038a40000)]
=>0x000000005e55c800 JavaThread "AWT-EventQueue-0" [_thread_in_vm, id=3432, stack(0x0000000010e60000,0x0000000010ee0000)]
  0x000000005e673800 JavaThread "com.google.common.base.internal.Finalizer" daemon [_thread_blocked, id=300, stack(0x0000000034810000,0x0000000034890000)]
  0x000000005e55f000 JavaThread "AWT-Windows" daemon [_thread_in_native, id=944, stack(0x0000000021370000,0x00000000213f0000)]
  0x000000005e55e000 JavaThread "AWT-Shutdown" [_thread_blocked, id=5620, stack(0x000000001d0d0000,0x000000001d150000)]
  0x000000005e55d800 JavaThread "Java2D Disposer" daemon [_thread_blocked, id=4568, stack(0x000000001d1d0000,0x000000001d250000)]
  0x000000005e175800 JavaThread "Timer-0" [_thread_blocked, id=5104, stack(0x0000000010ef0000,0x0000000010f70000)]
  0x000000005de28800 JavaThread "EventMgr Dispatcher" daemon [_thread_in_native, id=4972, stack(0x0000000009770000,0x000000000d770000)]
  0x000000000fdbc800 JavaThread "Low Memory Detector" daemon [_thread_blocked, id=5184, stack(0x0000000009330000,0x00000000093b0000)]
  0x000000000fdb6000 JavaThread "CompilerThread1" daemon [_thread_blocked, id=1760, stack(0x0000000055230000,0x0000000059230000)]
  0x000000000fd6d000 JavaThread "CompilerThread0" daemon [_thread_blocked, id=464, stack(0x00000000510c0000,0x00000000550c0000)]
  0x000000000fd6c000 JavaThread "Attach Listener" daemon [_thread_blocked, id=2408, stack(0x000000000dcd0000,0x000000000dd50000)]
  0x000000000fd53800 JavaThread "Finalizer" daemon [_thread_blocked, id=4276, stack(0x00000000093f0000,0x0000000009470000)]
  0x000000000fd4a800 JavaThread "Reference Handler" daemon [_thread_blocked, id=3612, stack(0x00000000092b0000,0x0000000009330000)]
  0x0000000005eef800 JavaThread "main" [_thread_blocked, id=3480, stack(0x0000000000080000,0x0000000004080000)]

Other Threads:
  0x000000000fd45800 VMThread [stack: 0x000000004cf70000,0x0000000050f70000] [id=1716]
  0x0000000059238800 WatcherThread [stack: 0x00000000597a0000,0x000000005d7a0000] [id=5632]

VM state:not at safepoint (normal execution)

VM Mutex/Monitor currently owned by a thread:  ([mutex/lock_event])
[0x0000000005f65200] JNIGlobalHandle_lock - owner thread: 0x000000005e55c800

Heap
 PSYoungGen      total 93568K, used 6546K [0x00000000e70f0000, 0x00000000eccc0000, 0x0000000106bf0000)
  eden space 93248K, 6% used [0x00000000e70f0000,0x00000000e7724bd8,0x00000000ecc00000)
  from space 320K, 60% used [0x00000000ecc00000,0x00000000ecc30000,0x00000000ecc50000)
  to   space 320K, 0% used [0x00000000ecc70000,0x00000000ecc70000,0x00000000eccc0000)
 PSOldGen        total 108672K, used 60439K [0x0000000087ff0000, 0x000000008ea10000, 0x00000000e70f0000)
  object space 108672K, 55% used [0x0000000087ff0000,0x000000008baf5d48,0x000000008ea10000)
 PSPermGen       total 123776K, used 61818K [0x000000007fff0000, 0x00000000878d0000, 0x0000000087ff0000)
  object space 123776K, 49% used [0x000000007fff0000,0x0000000083c4e868,0x00000000878d0000)

Dynamic libraries:
0x000000013ff30000 - 0x000000013ff5d000 	C:\Program Files\MATLAB_RONNY\MATLAB\R2012b\bin\win64\MATLAB.exe
0x00000000779f0000 - 0x0000000077b99000 	C:\Windows\SYSTEM32\ntdll.dll
0x00000000778d0000 - 0x00000000779f0000 	C:\Windows\system32\kernel32.dll
0x000007fefd800000 - 0x000007fefd86c000 	C:\Windows\system32\KERNELBASE.dll
0x0000000074460000 - 0x000000007451f000 	C:\Program Files\MATLAB_RONNY\MATLAB\R2012b\bin\win64\libut.dll
0x00000000758a0000 - 0x000000007595c000 	C:\Program Files\MATLAB_RONNY\MATLAB\R2012b\bin\win64\libmwi18n.dll
0x0000000180000000 - 0x000000018000b000 	C:\Program Files\MATLAB_RONNY\MATLAB\R2012b\bin\win64\libmwresource_core.dll
0x0000000074910000 - 0x00000000749e3000 	C:\Windows\WinSxS\amd64_microsoft.vc90.crt_1fc8b3b9a1e18e3b_9.0.30729.6161_none_08e61857a83bc251\MSVCP90.dll
0x0000000074860000 - 0x0000000074903000 	C:\Windows\WinSxS\amd64_microsoft.vc90.crt_1fc8b3b9a1e18e3b_9.0.30729.6161_none_08e61857a83bc251\MSVCR90.dll
0x000000007a170000 - 0x000000007a19c000 	C:\Program Files\MATLAB_RONNY\MATLAB\R2012b\bin\win64\boost_filesystem-vc90-mt-1_44.dll
0x000000007a560000 - 0x000000007a569000 	C:\Program Files\MATLAB_RONNY\MATLAB\R2012b\bin\win64\boost_system-vc90-mt-1_44.dll
0x000007feff9c0000 - 0x000007feffa9b000 	C:\Windows\system32\ADVAPI32.dll
0x000007fefeae0000 - 0x000007fefeb7f000 	C:\Windows\system32\msvcrt.dll
0x000007fefee50000 - 0x000007fefee6f000 	C:\Windows\SYSTEM32\sechost.dll
0x000007fefdc20000 - 0x000007fefdd4d000 	C:\Windows\system32\RPCRT4.dll
0x000000007a010000 - 0x000000007a035000 	C:\Program Files\MATLAB_RONNY\MATLAB\R2012b\bin\win64\LIBEXPAT.dll
0x0000000072cb0000 - 0x0000000072ea1000 	C:\Program Files\MATLAB_RONNY\MATLAB\R2012b\bin\win64\icuin44.dll
0x0000000072f30000 - 0x00000000730a1000 	C:\Program Files\MATLAB_RONNY\MATLAB\R2012b\bin\win64\icuuc44.dll
0x0000000010000000 - 0x0000000010e41000 	C:\Program Files\MATLAB_RONNY\MATLAB\R2012b\bin\win64\icudt44.dll
0x0000000073f70000 - 0x000000007411d000 	C:\Program Files\MATLAB_RONNY\MATLAB\R2012b\bin\win64\libmwfl.dll
0x0000000004260000 - 0x0000000004616000 	C:\Program Files\MATLAB_RONNY\MATLAB\R2012b\bin\win64\libmwMATLAB_res.dll
0x000000007a3b0000 - 0x000000007a3c0000 	C:\Program Files\MATLAB_RONNY\MATLAB\R2012b\bin\win64\boost_date_time-vc90-mt-1_44.dll
0x000000007a250000 - 0x000000007a263000 	C:\Program Files\MATLAB_RONNY\MATLAB\R2012b\bin\win64\boost_signals-vc90-mt-1_44.dll
0x000000007a2d0000 - 0x000000007a2e2000 	C:\Program Files\MATLAB_RONNY\MATLAB\R2012b\bin\win64\boost_thread-vc90-mt-1_44.dll
0x0000000004650000 - 0x000000000470d000 	C:\Program Files\MATLAB_RONNY\MATLAB\R2012b\bin\win64\boost_log-vc90-mt-1_44.dll
0x0000000077bb0000 - 0x0000000077bb7000 	C:\Windows\system32\PSAPI.DLL
0x000007feffcb0000 - 0x000007feffcfd000 	C:\Windows\system32\WS2_32.dll
0x000007fefee40000 - 0x000007fefee48000 	C:\Windows\system32\NSI.dll
0x0000000004720000 - 0x0000000004766000 	C:\Program Files\MATLAB_RONNY\MATLAB\R2012b\bin\win64\tbb.dll
0x000007fefebb0000 - 0x000007fefebc9000 	C:\Windows\system32\imagehlp.dll
0x0000000072f10000 - 0x0000000072f23000 	C:\Program Files\MATLAB_RONNY\MATLAB\R2012b\bin\win64\icuio44.dll
0x000007fef5250000 - 0x000007fef5375000 	C:\Windows\system32\dbghelp.dll
0x00000000777d0000 - 0x00000000778ca000 	C:\Windows\system32\USER32.dll
0x000007fefef80000 - 0x000007fefefe7000 	C:\Windows\system32\GDI32.dll
0x000007fefed90000 - 0x000007fefed9e000 	C:\Windows\system32\LPK.dll
0x000007fefdb50000 - 0x000007fefdc1a000 	C:\Windows\system32\USP10.dll
0x0000000004790000 - 0x0000000004a6c000 	C:\Program Files\MATLAB_RONNY\MATLAB\R2012b\bin\win64\libmwservices.dll
0x0000000075a20000 - 0x0000000075af3000 	C:\Program Files\MATLAB_RONNY\MATLAB\R2012b\bin\win64\libmx.dll
0x0000000004a90000 - 0x0000000004ab9000 	C:\Program Files\MATLAB_RONNY\MATLAB\R2012b\bin\win64\tbbmalloc.dll
0x000000007a210000 - 0x000000007a228000 	C:\Program Files\MATLAB_RONNY\MATLAB\R2012b\bin\win64\zlib1.dll
0x0000000004ae0000 - 0x0000000004b2d000 	C:\Program Files\MATLAB_RONNY\MATLAB\R2012b\bin\win64\libmwregexp.dll
0x0000000004b40000 - 0x0000000004b63000 	C:\Program Files\MATLAB_RONNY\MATLAB\R2012b\bin\win64\libmwmfl_scalar.dll
0x0000000075f10000 - 0x0000000075f60000 	C:\Program Files\MATLAB_RONNY\MATLAB\R2012b\bin\win64\mpath.dll
0x000000007b680000 - 0x000000007bc9a000 	C:\Program Files\MATLAB_RONNY\MATLAB\R2012b\bin\win64\mlutil.dll
0x00000000754d0000 - 0x0000000075551000 	C:\Program Files\MATLAB_RONNY\MATLAB\R2012b\bin\win64\xmlcore.dll
0x0000000004bb0000 - 0x0000000004e03000 	C:\Program Files\MATLAB_RONNY\MATLAB\R2012b\bin\win64\xerces-c_2_7.dll
0x0000000004e20000 - 0x0000000004e40000 	C:\Program Files\MATLAB_RONNY\MATLAB\R2012b\bin\win64\libmwMATLAB_settings_res.dll
0x0000000004e50000 - 0x0000000004e60000 	C:\Program Files\MATLAB_RONNY\MATLAB\R2012b\bin\win64\boost_iostreams-vc90-mt-1_44.dll
0x0000000004e70000 - 0x0000000004eb7000 	C:\Program Files\MATLAB_RONNY\MATLAB\R2012b\bin\win64\boost_serialization-vc90-mt-1_44.dll
0x000007fefdd50000 - 0x000007fefead9000 	C:\Windows\system32\SHELL32.dll
0x000007fefebd0000 - 0x000007fefec41000 	C:\Windows\system32\SHLWAPI.dll
0x000007fef82e0000 - 0x000007fef8380000 	C:\Windows\WinSxS\amd64_microsoft.windows.common-controls_6595b64144ccf1df_5.82.7601.18837_none_a4d981ff711297b6\COMCTL32.dll
0x000007feff790000 - 0x000007feff827000 	C:\Windows\system32\COMDLG32.dll
0x000007fefb290000 - 0x000007fefb2a6000 	C:\Windows\system32\NETAPI32.dll
0x000007fefb280000 - 0x000007fefb28c000 	C:\Windows\system32\netutils.dll
0x000007fefd270000 - 0x000007fefd293000 	C:\Windows\system32\srvcli.dll
0x000007fefb260000 - 0x000007fefb275000 	C:\Windows\system32\wkscli.dll
0x000007feffaa0000 - 0x000007feffca3000 	C:\Windows\system32\ole32.dll
0x000007fefec50000 - 0x000007fefed27000 	C:\Windows\system32\OLEAUT32.dll
0x0000000004ed0000 - 0x0000000004f91000 	C:\Program Files\MATLAB_RONNY\MATLAB\R2012b\bin\win64\mcr.dll
0x0000000075000000 - 0x00000000753e9000 	C:\Program Files\MATLAB_RONNY\MATLAB\R2012b\bin\win64\iqm.dll
0x0000000074e80000 - 0x0000000074f38000 	C:\Program Files\MATLAB_RONNY\MATLAB\R2012b\bin\win64\m_dispatcher.dll
0x0000000004fd0000 - 0x00000000050bd000 	C:\Program Files\MATLAB_RONNY\MATLAB\R2012b\bin\win64\boost_regex-vc90-mt-1_44.dll
0x000007feea6a0000 - 0x000007feeaf11000 	C:\Program Files\MATLAB_RONNY\MATLAB\R2012b\bin\win64\m_interpreter.dll
0x0000000073260000 - 0x0000000073287000 	C:\Program Files\MATLAB_RONNY\MATLAB\R2012b\bin\win64\libmex.dll
0x0000000072c20000 - 0x0000000072ca4000 	C:\Program Files\MATLAB_RONNY\MATLAB\R2012b\bin\win64\profiler.dll
0x0000000005100000 - 0x000000000536a000 	C:\Program Files\MATLAB_RONNY\MATLAB\R2012b\bin\win64\libmwmathutil.dll
0x0000000079f40000 - 0x0000000079f6e000 	C:\Program Files\MATLAB_RONNY\MATLAB\R2012b\bin\win64\libmwmathrng.dll
0x0000000005390000 - 0x00000000053a2000 	C:\Program Files\MATLAB_RONNY\MATLAB\R2012b\bin\win64\libmwmfl_rng.dll
0x0000000074c10000 - 0x0000000074cee000 	C:\Program Files\MATLAB_RONNY\MATLAB\R2012b\bin\win64\libmwmathcore.dll
0x0000000076160000 - 0x00000000761ca000 	C:\Program Files\MATLAB_RONNY\MATLAB\R2012b\bin\win64\libmwspmatrix.dll
0x0000000075ea0000 - 0x0000000075f02000 	C:\Program Files\MATLAB_RONNY\MATLAB\R2012b\bin\win64\libmwcholmod.dll
0x000000007a460000 - 0x000000007a46d000 	C:\Program Files\MATLAB_RONNY\MATLAB\R2012b\bin\win64\libmwamd.dll
0x000000007a4b0000 - 0x000000007a4bc000 	C:\Program Files\MATLAB_RONNY\MATLAB\R2012b\bin\win64\libmwcolamd.dll
0x000000007a290000 - 0x000000007a2a9000 	C:\Program Files\MATLAB_RONNY\MATLAB\R2012b\bin\win64\libmwblas.dll
0x000000007a310000 - 0x000000007a321000 	C:\Program Files\MATLAB_RONNY\MATLAB\R2012b\bin\win64\libmwbinder.dll
0x000000007a4d0000 - 0x000000007a4dc000 	C:\Program Files\MATLAB_RONNY\MATLAB\R2012b\bin\win64\libmwompwrapper.dll
0x0000000005440000 - 0x00000000054c5000 	C:\Program Files\MATLAB_RONNY\MATLAB\R2012b\bin\win64\libmwlapack.dll
0x0000000072ee0000 - 0x0000000072f01000 	C:\Program Files\MATLAB_RONNY\MATLAB\R2012b\bin\win64\m_pcodeio.dll
0x0000000079b10000 - 0x0000000079b77000 	C:\Program Files\MATLAB_RONNY\MATLAB\R2012b\bin\win64\m_ir.dll
0x00000000725b0000 - 0x0000000072c20000 	C:\Program Files\MATLAB_RONNY\MATLAB\R2012b\bin\win64\m_parser.dll
0x0000000072ec0000 - 0x0000000072eda000 	C:\Program Files\MATLAB_RONNY\MATLAB\R2012b\bin\win64\ir_xfmr.dll
0x000007feed970000 - 0x000007feedc06000 	C:\Program Files\MATLAB_RONNY\MATLAB\R2012b\bin\win64\mcos.dll
0x0000000072570000 - 0x0000000072581000 	C:\Program Files\MATLAB_RONNY\MATLAB\R2012b\bin\win64\mtok.dll
0x0000000072530000 - 0x0000000072561000 	C:\Program Files\MATLAB_RONNY\MATLAB\R2012b\bin\win64\m_pcodegen.dll
0x0000000079fb0000 - 0x0000000079fe6000 	C:\Program Files\MATLAB_RONNY\MATLAB\R2012b\bin\win64\libmwbridge.dll
0x000000006f490000 - 0x000000006f558000 	C:\Program Files\MATLAB_RONNY\MATLAB\R2012b\bin\win64\udd.dll
0x000000006f330000 - 0x000000006f482000 	C:\Program Files\MATLAB_RONNY\MATLAB\R2012b\bin\win64\libmwgui.dll
0x0000000072590000 - 0x00000000725a7000 	C:\Program Files\MATLAB_RONNY\MATLAB\R2012b\bin\win64\graphics_util.dll
0x000000006e8d0000 - 0x000000006f32f000 	C:\Program Files\MATLAB_RONNY\MATLAB\R2012b\bin\win64\hg.dll
0x00000000055a0000 - 0x0000000005608000 	C:\Program Files\MATLAB_RONNY\MATLAB\R2012b\bin\win64\libmat.dll
0x0000000005620000 - 0x0000000005834000 	C:\Program Files\MATLAB_RONNY\MATLAB\R2012b\bin\win64\hdf5dll.dll
0x0000000075710000 - 0x00000000757de000 	C:\Program Files\MATLAB_RONNY\MATLAB\R2012b\bin\win64\jmi.dll
0x0000000005860000 - 0x000000000586d000 	C:\Program Files\MATLAB_RONNY\MATLAB\R2012b\bin\win64\nativejava_services.dll
0x0000000072400000 - 0x0000000072446000 	C:\Program Files\MATLAB_RONNY\MATLAB\R2012b\bin\win64\libmwhardcopy.dll
0x00000000722b0000 - 0x0000000072313000 	C:\Program Files\MATLAB_RONNY\MATLAB\R2012b\bin\win64\libuij.dll
0x000000006e660000 - 0x000000006e8c4000 	C:\Program Files\MATLAB_RONNY\MATLAB\R2012b\bin\win64\hgdatatypes.dll
0x000000006e540000 - 0x000000006e65f000 	C:\Program Files\MATLAB_RONNY\MATLAB\R2012b\bin\win64\hgutils.dll
0x000000006f570000 - 0x000000006f630000 	C:\Program Files\MATLAB_RONNY\MATLAB\R2012b\bin\win64\udd_mi.dll
0x00000000058d0000 - 0x000000000590b000 	C:\Program Files\MATLAB_RONNY\MATLAB\R2012b\bin\win64\libmwgbtutils.dll
0x0000000005920000 - 0x000000000593b000 	C:\Program Files\MATLAB_RONNY\MATLAB\R2012b\bin\win64\libmwgbt.dll
0x0000000005950000 - 0x0000000005c21000 	C:\Program Files\MATLAB_RONNY\MATLAB\R2012b\bin\win64\uiw.dll
0x0000000073e30000 - 0x0000000073e3f000 	C:\Program Files\MATLAB_RONNY\MATLAB\R2012b\bin\win64\uinone.dll
0x0000000005c50000 - 0x0000000005c79000 	C:\Program Files\MATLAB_RONNY\MATLAB\R2012b\bin\win64\libmwnativefiledialogs.dll
0x0000000005c90000 - 0x0000000005c98000 	C:\Program Files\MATLAB_RONNY\MATLAB\R2012b\bin\win64\libmwplatform_res.dll
0x000007fef95c0000 - 0x000007fef95d8000 	C:\Windows\system32\MPR.dll
0x000000006e050000 - 0x000000006e534000 	C:\Windows\WinSxS\amd64_microsoft.vc90.mfc_1fc8b3b9a1e18e3b_9.0.30729.6161_none_044aad0bab1eb146\mfc90.dll
0x000007fef9040000 - 0x000007fef9047000 	C:\Windows\system32\MSIMG32.dll
0x000007fef8260000 - 0x000007fef82d1000 	C:\Windows\system32\WINSPOOL.DRV
0x0000000072500000 - 0x0000000072522000 	C:\Program Files\MATLAB_RONNY\MATLAB\R2012b\bin\win64\mwoles05.DLL
0x000000006dfd0000 - 0x000000006e04d000 	C:\Program Files\MATLAB_RONNY\MATLAB\R2012b\bin\win64\comcli.dll
0x00000000749f0000 - 0x0000000074a1f000 	C:\Windows\WinSxS\amd64_microsoft.vc90.atl_1fc8b3b9a1e18e3b_9.0.30729.6161_none_0a1fd3a3a768b895\ATL90.DLL
0x0000000073f30000 - 0x0000000073f3c000 	C:\Program Files\MATLAB_RONNY\MATLAB\R2012b\bin\win64\mlautoregister.dll
0x000007fefeb80000 - 0x000007fefebae000 	C:\Windows\system32\IMM32.DLL
0x000007fefee70000 - 0x000007fefef79000 	C:\Windows\system32\MSCTF.dll
0x000007fefbce0000 - 0x000007fefbd36000 	C:\Windows\system32\UxTheme.dll
0x000007fefb900000 - 0x000007fefb918000 	C:\Windows\system32\dwmapi.dll
0x0000000072eb0000 - 0x0000000072ebd000 	C:\Windows\WinSxS\amd64_microsoft.vc90.mfcloc_1fc8b3b9a1e18e3b_9.0.30729.6161_none_01c9581e60cbee58\MFC90ENU.DLL
0x0000000078870000 - 0x0000000078ecd000 	C:\Program Files\MATLAB_RONNY\MATLAB\R2012b\sys\java\jre\win64\jre\bin\server\jvm.dll
0x000007fef88d0000 - 0x000007fef890b000 	C:\Windows\system32\WINMM.dll
0x000007fefd7a0000 - 0x000007fefd7af000 	C:\Windows\system32\profapi.dll
0x000007fefb570000 - 0x000007fefb585000 	C:\Windows\system32\NLAapi.dll
0x000007fef7f50000 - 0x000007fef7f65000 	C:\Windows\system32\napinsp.dll
0x000007fef7f30000 - 0x000007fef7f49000 	C:\Windows\system32\pnrpnsp.dll
0x000007fefcf70000 - 0x000007fefcfc5000 	C:\Windows\System32\mswsock.dll
0x000007fefcdb0000 - 0x000007fefce0b000 	C:\Windows\system32\DNSAPI.dll
0x000007fef7ba0000 - 0x000007fef7bab000 	C:\Windows\System32\winrnr.dll
0x000007fef7b80000 - 0x000007fef7b90000 	C:\Windows\system32\wshbth.dll

VM Arguments:
jvm_args: -Xss512k -XX:PermSize=32m -Xms64m -XX:NewRatio=3 -XX:MaxPermSize=128m -Xmx2027m -XX:MaxDirectMemorySize=2147400000 -Dsun.java2d.noddraw=true -Dsun.awt.nopixfmt=true -Xshare:off -Xrs -Dsun.awt.disableMixing=true -Djava.library.path=C:\Program Files\MATLAB_RONNY\MATLAB\R2012b\bin\win64;C:\Program Files\MATLAB_RONNY\MATLAB\R2012b\sys\jxbrowser\win64\lib vfprintf abort 
java_command: <unknown>
Launcher Type: generic

Environment Variables:
CLASSPATH=.;C:\Program Files (x86)\QuickTime\QTSystem\QTJava.zip
PATH=C:\ProgramData\Oracle\Java\javapath;C:\Program Files\Common Files\Microsoft Shared\Windows Live;C:\Program Files (x86)\Common Files\Microsoft Shared\Windows Live;C:\Program Files (x86)\NVIDIA Corporation\PhysX\Common;C:\Program Files (x86)\Intel\iCLS Client\;C:\Program Files\Intel\iCLS Client\;C:\Windows\system32;C:\Windows;C:\Windows\System32\Wbem;C:\Windows\System32\WindowsPowerShell\v1.0\;C:\Program Files\Intel\Intel(R) Management Engine Components\DAL;C:\Program Files\Intel\Intel(R) Management Engine Components\IPT;C:\Program Files (x86)\Intel\Intel(R) Management Engine Components\DAL;C:\Program Files (x86)\Intel\Intel(R) Management Engine Components\IPT;C:\Program Files (x86)\Windows Live\Shared;C:\Program Files (x86)\QuickTime\QTSystem\;C:\Program Files\SlikSvn\bin;C:\Program Files\MATLAB\MATLAB Production Server\R2015a\runtime\win64;C:\Program Files\MATLAB\MATLAB Production Server\R2015a\bin;C:\Program Files\MATLAB\MATLAB Production Server\R2015a\polyspace\bin;C:\Program Files (x86)\Skype\Phone\;C:\Program Files\Java\jdk1.8.0_65\bin;C:\Program Files\MATLAB_RONNY\MATLAB\R2012b\toolbox\imaq\imaqextern\drivers\win64\genicam\GenICam_v2_3\bin\Win64_x64
USERNAME=Like_A
OS=Windows_NT
PROCESSOR_IDENTIFIER=Intel64 Family 6 Model 60 Stepping 3, GenuineIntel



---------------  S Y S T E M  ---------------

OS: Windows 7 Build 7601 Service Pack 1

CPU:total 8 (8 cores per cpu, 2 threads per core) family 6 model 60 stepping 3, cmov, cx8, fxsr, mmx, sse, sse2, sse3, ssse3, sse4.1, sse4.2, ht

Memory: 4k page, physical 8304136k(5501948k free), swap 16606436k(13627380k free)

vm_info: Java HotSpot(TM) 64-Bit Server VM (14.3-b01) for windows-amd64 JRE (1.6.0_17-b04), built on Oct 11 2009 00:46:08 by "java_re" with MS VC++ 8.0

time: Thu Dec 24 22:56:32 2015
elapsed time: 3733 seconds

