#
# A fatal error has been detected by the Java Runtime Environment:
#
#  EXCEPTION_ACCESS_VIOLATION (0xc0000005) at pc=0x0000000078aae9f9, pid=3252, tid=3016
#
# JRE version: 6.0_17-b04
# Java VM: Java HotSpot(TM) 64-Bit Server VM (14.3-b01 mixed mode windows-amd64 )
# Problematic frame:
# V  [jvm.dll+0x23e9f9]
#
# If you would like to submit a bug report, please visit:
#   http://java.sun.com/webapps/bugreport/crash.jsp
#

---------------  T H R E A D  ---------------

Current thread (0x000000000fbad800):  JavaThread "AWT-EventQueue-0" [_thread_in_vm, id=3016, stack(0x0000000025590000,0x0000000025610000)]

siginfo: ExceptionCode=0xc0000005, reading address 0x0000000000000001

Registers:
EAX=0x0000000000000001, EBX=0x0000000005f45200, ECX=0x0000000005fcf530, EDX=0x00000000f1ee8c90
ESP=0x000000002560ea30, EBP=0x00000000f1ee8c90, ESI=0x00000000f1ee8c90, EDI=0x0000000005fcf530
EIP=0x0000000078aae9f9, EFLAGS=0x0000000000010202

Top of Stack: (sp=0x000000002560ea30)
0x000000002560ea30:   00000000592539c8 000000002560eb68
0x000000002560ea40:   0000000000000000 0000000080090ec8
0x000000002560ea50:   000000005e2e2710 0000000078aaeb14
0x000000002560ea60:   0000000005f45200 000000000fbb9960
0x000000002560ea70:   00000000f1ee8c90 000000005e2d5ef8
0x000000002560ea80:   0000000000000002 0000000078a6f749
0x000000002560ea90:   0000000000000004 00000000773b7971
0x000000002560eaa0:   000000005e2d5ef8 000000000fbad800
0x000000002560eab0:   000000000fbad800 0000000000000000
0x000000002560eac0:   00000000068a6230 000000006993a620
0x000000002560ead0:   00000000732bfb88 00000000731e310f
0x000000002560eae0:   000000006993a650 0000000080090ec8
0x000000002560eaf0:   000000006993a620 000000000fbad9b8
0x000000002560eb00:   00000000732bfb01 00000151daf8b54c
0x000000002560eb10:   00000000732bf990 000000000fbad800
0x000000002560eb20:   000000002560ec28 0000000000000000 

Instructions: (pc=0x0000000078aae9f9)
0x0000000078aae9e9:   c1 89 8a 00 01 00 00 eb 11 48 8b 87 20 01 00 00
0x0000000078aae9f9:   48 8b 08 48 89 8f 20 01 00 00 4c 8b 64 24 20 48 


Stack: [0x0000000025590000,0x0000000025610000],  sp=0x000000002560ea30,  free space=506k
Native frames: (J=compiled Java code, j=interpreted, Vv=VM code, C=native code)
V  [jvm.dll+0x23e9f9]

Java frames: (J=compiled Java code, j=interpreted, Vv=VM code)
J  sun.awt.windows.WComponentPeer._requestFocus(Ljava/awt/Component;ZZJLsun/awt/CausedFocusEvent$Cause;)Z
J  java.awt.Component.requestFocusHelper(ZZLsun/awt/CausedFocusEvent$Cause;)Z
J  com.mathworks.widgets.desk.DTClient.requestFocus(Z)V
J  com.mathworks.widgets.desk.DTOccupant.setSelected(ZZ)V
J  sun.reflect.GeneratedMethodAccessor42.invoke(Ljava/lang/Object;[Ljava/lang/Object;)Ljava/lang/Object;
J  java.lang.reflect.Method.invoke(Ljava/lang/Object;[Ljava/lang/Object;)Ljava/lang/Object;
J  com.mathworks.hg.peer.FigurePeer.doSetFigureVisible(ZZ)V
J  com.mathworks.hg.peer.FigurePeer$18.run()V
J  com.mathworks.hg.util.HGPeerQueue$HGPeerRunnablesRunner.runit(Z[I)V
J  com.mathworks.hg.util.HGPeerQueue$HGPeerRunnablesRunner.run()V
J  java.awt.event.InvocationEvent.dispatch()V
J  java.awt.EventDispatchThread.pumpOneEventForFilters(I)Z
J  java.awt.EventDispatchThread.pumpEventsForFilter(ILjava/awt/Conditional;Ljava/awt/EventFilter;)V
j  java.awt.EventDispatchThread.pumpEventsForHierarchy(ILjava/awt/Conditional;Ljava/awt/Component;)V+11
j  java.awt.EventDispatchThread.pumpEvents(ILjava/awt/Conditional;)V+4
j  java.awt.EventDispatchThread.pumpEvents(Ljava/awt/Conditional;)V+3
j  java.awt.EventDispatchThread.run()V+9
v  ~StubRoutines::call_stub

---------------  P R O C E S S  ---------------

Java Threads: ( => current thread )
  0x000000005eb56000 JavaThread "Swing-Shell" daemon [_thread_blocked, id=3900, stack(0x0000000025a90000,0x0000000025b10000)]
  0x000000005eb54000 JavaThread "Code Analyzer updating thread" [_thread_blocked, id=5192, stack(0x0000000030800000,0x0000000030880000)]
  0x000000005eb53000 JavaThread "Code Analyzer updating thread" [_thread_blocked, id=2980, stack(0x0000000010e60000,0x0000000010ee0000)]
  0x000000005eb52800 JavaThread "Code Analyzer updating thread" [_thread_blocked, id=2840, stack(0x0000000054e20000,0x0000000054ea0000)]
  0x000000005eb50800 JavaThread "Active Reference Queue Daemon" daemon [_thread_blocked, id=5124, stack(0x000000006eda0000,0x000000006ee20000)]
  0x000000005eb52000 JavaThread "Timer-8" daemon [_thread_blocked, id=4508, stack(0x000000006ec20000,0x000000006eca0000)]
  0x000000005eb51000 JavaThread "Timer-7" daemon [_thread_blocked, id=2148, stack(0x000000006eca0000,0x000000006ed20000)]
  0x000000005eb4f800 JavaThread "Explorer NavigationContext request queue" [_thread_blocked, id=5652, stack(0x000000006eb10000,0x000000006eb90000)]
  0x000000000fbb4000 JavaThread "AddressBar directory emptiness poller" [_thread_blocked, id=6024, stack(0x000000006e9a0000,0x000000006ea20000)]
  0x000000000fbb3000 JavaThread "Explorer Refresh Service 697219040" [_thread_blocked, id=6056, stack(0x0000000048ca0000,0x0000000048d20000)]
  0x000000000fbb2000 JavaThread "Timer-1" daemon [_thread_blocked, id=3192, stack(0x0000000050d50000,0x0000000050dd0000)]
  0x000000000fbb1000 JavaThread "TimerQueue" daemon [_thread_blocked, id=5488, stack(0x000000000e760000,0x000000000e7e0000)]
  0x000000000fbae000 JavaThread "Thread-5" daemon [_thread_blocked, id=2156, stack(0x00000000348d0000,0x0000000034950000)]
  0x000000000fbb0800 JavaThread "FelixPackageAdmin" daemon [_thread_blocked, id=2736, stack(0x000000002c740000,0x000000002c7c0000)]
  0x000000000fbaf800 JavaThread "FelixStartLevel" daemon [_thread_blocked, id=5732, stack(0x0000000025610000,0x0000000025690000)]
  0x000000000fbaf000 JavaThread "FelixDispatchQueue" daemon [_thread_blocked, id=6048, stack(0x000000000fe30000,0x000000000feb0000)]
=>0x000000000fbad800 JavaThread "AWT-EventQueue-0" [_thread_in_vm, id=3016, stack(0x0000000025590000,0x0000000025610000)]
  0x000000000fbac800 JavaThread "com.google.common.base.internal.Finalizer" daemon [_thread_blocked, id=3060, stack(0x0000000019120000,0x00000000191a0000)]
  0x000000000fbab800 JavaThread "AWT-Windows" daemon [_thread_in_native, id=840, stack(0x00000000190a0000,0x0000000019120000)]
  0x000000000fbaa800 JavaThread "AWT-Shutdown" [_thread_blocked, id=1968, stack(0x0000000015000000,0x0000000015080000)]
  0x000000000fbaa000 JavaThread "Java2D Disposer" daemon [_thread_blocked, id=2976, stack(0x0000000010ee0000,0x0000000010f60000)]
  0x000000000fba9000 JavaThread "Timer-0" [_thread_blocked, id=5396, stack(0x000000000fee0000,0x000000000ff60000)]
  0x000000000fba8800 JavaThread "EventMgr Dispatcher" daemon [_thread_in_native, id=1656, stack(0x00000000099d0000,0x000000000d9d0000)]
  0x000000000fba7000 JavaThread "Low Memory Detector" daemon [_thread_blocked, id=804, stack(0x000000000de80000,0x000000000df00000)]
  0x000000000fb61800 JavaThread "CompilerThread1" daemon [_thread_blocked, id=3116, stack(0x0000000054ec0000,0x0000000058ec0000)]
  0x000000000fb5c000 JavaThread "CompilerThread0" daemon [_thread_blocked, id=2108, stack(0x0000000050e00000,0x0000000054e00000)]
  0x000000000fba6000 JavaThread "Attach Listener" daemon [_thread_blocked, id=3596, stack(0x000000000fdb0000,0x000000000fe30000)]
  0x000000000fb49000 JavaThread "Finalizer" daemon [_thread_blocked, id=5684, stack(0x000000000fcc0000,0x000000000fd40000)]
  0x000000000fb3a800 JavaThread "Reference Handler" daemon [_thread_blocked, id=784, stack(0x000000000e7e0000,0x000000000e860000)]
  0x0000000005d9f800 JavaThread "main" [_thread_blocked, id=4848, stack(0x00000000001d0000,0x00000000041d0000)]

Other Threads:
  0x000000000fb35800 VMThread [stack: 0x000000004cd50000,0x0000000050d50000] [id=5316]
  0x0000000058ec9000 WatcherThread [stack: 0x0000000059410000,0x000000005d410000] [id=632]

VM state:not at safepoint (normal execution)

VM Mutex/Monitor currently owned by a thread:  ([mutex/lock_event])
[0x0000000005f45200] JNIGlobalHandle_lock - owner thread: 0x000000000fbad800

Heap
 PSYoungGen      total 157312K, used 72979K [0x00000000e70f0000, 0x00000000f2990000, 0x0000000106bf0000)
  eden space 145536K, 42% used [0x00000000e70f0000,0x00000000eacbaf90,0x00000000eff10000)
  from space 11776K, 99% used [0x00000000f1e10000,0x00000000f2989dc8,0x00000000f2990000)
  to   space 17664K, 0% used [0x00000000f0710000,0x00000000f0710000,0x00000000f1850000)
 PSOldGen        total 75584K, used 54087K [0x0000000087ff0000, 0x000000008c9c0000, 0x00000000e70f0000)
  object space 75584K, 71% used [0x0000000087ff0000,0x000000008b4c1e08,0x000000008c9c0000)
 PSPermGen       total 102912K, used 61900K [0x000000007fff0000, 0x0000000086470000, 0x0000000087ff0000)
  object space 102912K, 60% used [0x000000007fff0000,0x0000000083c63370,0x0000000086470000)

Dynamic libraries:
0x000000013fd50000 - 0x000000013fd7d000 	C:\Program Files\MATLAB_RONNY\MATLAB\R2012b\bin\win64\MATLAB.exe
0x00000000775c0000 - 0x0000000077769000 	C:\Windows\SYSTEM32\ntdll.dll
0x00000000774a0000 - 0x00000000775c0000 	C:\Windows\system32\kernel32.dll
0x000007fefd380000 - 0x000007fefd3ec000 	C:\Windows\system32\KERNELBASE.dll
0x0000000074460000 - 0x000000007451f000 	C:\Program Files\MATLAB_RONNY\MATLAB\R2012b\bin\win64\libut.dll
0x00000000758a0000 - 0x000000007595c000 	C:\Program Files\MATLAB_RONNY\MATLAB\R2012b\bin\win64\libmwi18n.dll
0x0000000180000000 - 0x000000018000b000 	C:\Program Files\MATLAB_RONNY\MATLAB\R2012b\bin\win64\libmwresource_core.dll
0x00000000741d0000 - 0x00000000742a3000 	C:\Windows\WinSxS\amd64_microsoft.vc90.crt_1fc8b3b9a1e18e3b_9.0.30729.6161_none_08e61857a83bc251\MSVCP90.dll
0x0000000073f90000 - 0x0000000074033000 	C:\Windows\WinSxS\amd64_microsoft.vc90.crt_1fc8b3b9a1e18e3b_9.0.30729.6161_none_08e61857a83bc251\MSVCR90.dll
0x000000007a170000 - 0x000000007a19c000 	C:\Program Files\MATLAB_RONNY\MATLAB\R2012b\bin\win64\boost_filesystem-vc90-mt-1_44.dll
0x000000007a560000 - 0x000000007a569000 	C:\Program Files\MATLAB_RONNY\MATLAB\R2012b\bin\win64\boost_system-vc90-mt-1_44.dll
0x000007feff630000 - 0x000007feff70b000 	C:\Windows\system32\ADVAPI32.dll
0x000007fefe720000 - 0x000007fefe7bf000 	C:\Windows\system32\msvcrt.dll
0x000007feff610000 - 0x000007feff62f000 	C:\Windows\SYSTEM32\sechost.dll
0x000007feff3e0000 - 0x000007feff50d000 	C:\Windows\system32\RPCRT4.dll
0x000000007a010000 - 0x000000007a035000 	C:\Program Files\MATLAB_RONNY\MATLAB\R2012b\bin\win64\LIBEXPAT.dll
0x0000000072cc0000 - 0x0000000072eb1000 	C:\Program Files\MATLAB_RONNY\MATLAB\R2012b\bin\win64\icuin44.dll
0x0000000072f40000 - 0x00000000730b1000 	C:\Program Files\MATLAB_RONNY\MATLAB\R2012b\bin\win64\icuuc44.dll
0x0000000010000000 - 0x0000000010e41000 	C:\Program Files\MATLAB_RONNY\MATLAB\R2012b\bin\win64\icudt44.dll
0x0000000004470000 - 0x000000000461d000 	C:\Program Files\MATLAB_RONNY\MATLAB\R2012b\bin\win64\libmwfl.dll
0x0000000004620000 - 0x00000000049d6000 	C:\Program Files\MATLAB_RONNY\MATLAB\R2012b\bin\win64\libmwMATLAB_res.dll
0x000000007a3b0000 - 0x000000007a3c0000 	C:\Program Files\MATLAB_RONNY\MATLAB\R2012b\bin\win64\boost_date_time-vc90-mt-1_44.dll
0x000000007a250000 - 0x000000007a263000 	C:\Program Files\MATLAB_RONNY\MATLAB\R2012b\bin\win64\boost_signals-vc90-mt-1_44.dll
0x000000007a2d0000 - 0x000000007a2e2000 	C:\Program Files\MATLAB_RONNY\MATLAB\R2012b\bin\win64\boost_thread-vc90-mt-1_44.dll
0x00000000041d0000 - 0x000000000428d000 	C:\Program Files\MATLAB_RONNY\MATLAB\R2012b\bin\win64\boost_log-vc90-mt-1_44.dll
0x0000000077790000 - 0x0000000077797000 	C:\Windows\system32\PSAPI.DLL
0x000007feff820000 - 0x000007feff86d000 	C:\Windows\system32\WS2_32.dll
0x000007feff530000 - 0x000007feff538000 	C:\Windows\system32\NSI.dll
0x0000000004290000 - 0x00000000042d6000 	C:\Program Files\MATLAB_RONNY\MATLAB\R2012b\bin\win64\tbb.dll
0x000007feff510000 - 0x000007feff529000 	C:\Windows\system32\imagehlp.dll
0x0000000073760000 - 0x0000000073773000 	C:\Program Files\MATLAB_RONNY\MATLAB\R2012b\bin\win64\icuio44.dll
0x000007fef7690000 - 0x000007fef77b5000 	C:\Windows\system32\dbghelp.dll
0x00000000773a0000 - 0x000000007749a000 	C:\Windows\system32\USER32.dll
0x000007feff7b0000 - 0x000007feff817000 	C:\Windows\system32\GDI32.dll
0x000007fefe9a0000 - 0x000007fefe9ae000 	C:\Windows\system32\LPK.dll
0x000007feff540000 - 0x000007feff60a000 	C:\Windows\system32\USP10.dll
0x00000000049e0000 - 0x0000000004cbc000 	C:\Program Files\MATLAB_RONNY\MATLAB\R2012b\bin\win64\libmwservices.dll
0x0000000075a20000 - 0x0000000075af3000 	C:\Program Files\MATLAB_RONNY\MATLAB\R2012b\bin\win64\libmx.dll
0x00000000042f0000 - 0x0000000004319000 	C:\Program Files\MATLAB_RONNY\MATLAB\R2012b\bin\win64\tbbmalloc.dll
0x000000007a210000 - 0x000000007a228000 	C:\Program Files\MATLAB_RONNY\MATLAB\R2012b\bin\win64\zlib1.dll
0x0000000004cc0000 - 0x0000000004d0d000 	C:\Program Files\MATLAB_RONNY\MATLAB\R2012b\bin\win64\libmwregexp.dll
0x0000000004d10000 - 0x0000000004d33000 	C:\Program Files\MATLAB_RONNY\MATLAB\R2012b\bin\win64\libmwmfl_scalar.dll
0x0000000075f10000 - 0x0000000075f60000 	C:\Program Files\MATLAB_RONNY\MATLAB\R2012b\bin\win64\mpath.dll
0x000000007b680000 - 0x000000007bc9a000 	C:\Program Files\MATLAB_RONNY\MATLAB\R2012b\bin\win64\mlutil.dll
0x00000000754d0000 - 0x0000000075551000 	C:\Program Files\MATLAB_RONNY\MATLAB\R2012b\bin\win64\xmlcore.dll
0x0000000004d60000 - 0x0000000004fb3000 	C:\Program Files\MATLAB_RONNY\MATLAB\R2012b\bin\win64\xerces-c_2_7.dll
0x0000000004fd0000 - 0x0000000004ff0000 	C:\Program Files\MATLAB_RONNY\MATLAB\R2012b\bin\win64\libmwMATLAB_settings_res.dll
0x0000000005000000 - 0x0000000005010000 	C:\Program Files\MATLAB_RONNY\MATLAB\R2012b\bin\win64\boost_iostreams-vc90-mt-1_44.dll
0x0000000005020000 - 0x0000000005067000 	C:\Program Files\MATLAB_RONNY\MATLAB\R2012b\bin\win64\boost_serialization-vc90-mt-1_44.dll
0x000007fefd720000 - 0x000007fefe4a9000 	C:\Windows\system32\SHELL32.dll
0x000007feff360000 - 0x000007feff3d1000 	C:\Windows\system32\SHLWAPI.dll
0x000007fef7850000 - 0x000007fef78f0000 	C:\Windows\WinSxS\amd64_microsoft.windows.common-controls_6595b64144ccf1df_5.82.7601.18837_none_a4d981ff711297b6\COMCTL32.dll
0x000007feff710000 - 0x000007feff7a7000 	C:\Windows\system32\COMDLG32.dll
0x000007fefaea0000 - 0x000007fefaeb6000 	C:\Windows\system32\NETAPI32.dll
0x000007fefae90000 - 0x000007fefae9c000 	C:\Windows\system32\netutils.dll
0x000007fefcf00000 - 0x000007fefcf23000 	C:\Windows\system32\srvcli.dll
0x000007fefae70000 - 0x000007fefae85000 	C:\Windows\system32\wkscli.dll
0x000007feff150000 - 0x000007feff353000 	C:\Windows\system32\ole32.dll
0x000007fefe9e0000 - 0x000007fefeab7000 	C:\Windows\system32\OLEAUT32.dll
0x0000000074970000 - 0x0000000074a31000 	C:\Program Files\MATLAB_RONNY\MATLAB\R2012b\bin\win64\mcr.dll
0x0000000075000000 - 0x00000000753e9000 	C:\Program Files\MATLAB_RONNY\MATLAB\R2012b\bin\win64\iqm.dll
0x0000000074e80000 - 0x0000000074f38000 	C:\Program Files\MATLAB_RONNY\MATLAB\R2012b\bin\win64\m_dispatcher.dll
0x0000000074880000 - 0x000000007496d000 	C:\Program Files\MATLAB_RONNY\MATLAB\R2012b\bin\win64\boost_regex-vc90-mt-1_44.dll
0x000007fee89c0000 - 0x000007fee9231000 	C:\Program Files\MATLAB_RONNY\MATLAB\R2012b\bin\win64\m_interpreter.dll
0x00000000735e0000 - 0x0000000073607000 	C:\Program Files\MATLAB_RONNY\MATLAB\R2012b\bin\win64\libmex.dll
0x0000000073550000 - 0x00000000735d4000 	C:\Program Files\MATLAB_RONNY\MATLAB\R2012b\bin\win64\profiler.dll
0x00000000050f0000 - 0x000000000535a000 	C:\Program Files\MATLAB_RONNY\MATLAB\R2012b\bin\win64\libmwmathutil.dll
0x0000000079f40000 - 0x0000000079f6e000 	C:\Program Files\MATLAB_RONNY\MATLAB\R2012b\bin\win64\libmwmathrng.dll
0x0000000005380000 - 0x0000000005392000 	C:\Program Files\MATLAB_RONNY\MATLAB\R2012b\bin\win64\libmwmfl_rng.dll
0x0000000074c10000 - 0x0000000074cee000 	C:\Program Files\MATLAB_RONNY\MATLAB\R2012b\bin\win64\libmwmathcore.dll
0x0000000076160000 - 0x00000000761ca000 	C:\Program Files\MATLAB_RONNY\MATLAB\R2012b\bin\win64\libmwspmatrix.dll
0x0000000075ea0000 - 0x0000000075f02000 	C:\Program Files\MATLAB_RONNY\MATLAB\R2012b\bin\win64\libmwcholmod.dll
0x000000007a460000 - 0x000000007a46d000 	C:\Program Files\MATLAB_RONNY\MATLAB\R2012b\bin\win64\libmwamd.dll
0x000000007a4b0000 - 0x000000007a4bc000 	C:\Program Files\MATLAB_RONNY\MATLAB\R2012b\bin\win64\libmwcolamd.dll
0x000000007a290000 - 0x000000007a2a9000 	C:\Program Files\MATLAB_RONNY\MATLAB\R2012b\bin\win64\libmwblas.dll
0x000000007a310000 - 0x000000007a321000 	C:\Program Files\MATLAB_RONNY\MATLAB\R2012b\bin\win64\libmwbinder.dll
0x000000007a4d0000 - 0x000000007a4dc000 	C:\Program Files\MATLAB_RONNY\MATLAB\R2012b\bin\win64\libmwompwrapper.dll
0x0000000005430000 - 0x00000000054b5000 	C:\Program Files\MATLAB_RONNY\MATLAB\R2012b\bin\win64\libmwlapack.dll
0x0000000073520000 - 0x0000000073541000 	C:\Program Files\MATLAB_RONNY\MATLAB\R2012b\bin\win64\m_pcodeio.dll
0x0000000079b10000 - 0x0000000079b77000 	C:\Program Files\MATLAB_RONNY\MATLAB\R2012b\bin\win64\m_ir.dll
0x00000000707d0000 - 0x0000000070e40000 	C:\Program Files\MATLAB_RONNY\MATLAB\R2012b\bin\win64\m_parser.dll
0x0000000073780000 - 0x000000007379a000 	C:\Program Files\MATLAB_RONNY\MATLAB\R2012b\bin\win64\ir_xfmr.dll
0x000007feedd80000 - 0x000007feee016000 	C:\Program Files\MATLAB_RONNY\MATLAB\R2012b\bin\win64\mcos.dll
0x0000000073500000 - 0x0000000073511000 	C:\Program Files\MATLAB_RONNY\MATLAB\R2012b\bin\win64\mtok.dll
0x00000000734c0000 - 0x00000000734f1000 	C:\Program Files\MATLAB_RONNY\MATLAB\R2012b\bin\win64\m_pcodegen.dll
0x0000000079fb0000 - 0x0000000079fe6000 	C:\Program Files\MATLAB_RONNY\MATLAB\R2012b\bin\win64\libmwbridge.dll
0x0000000073380000 - 0x0000000073448000 	C:\Program Files\MATLAB_RONNY\MATLAB\R2012b\bin\win64\udd.dll
0x0000000072b60000 - 0x0000000072cb2000 	C:\Program Files\MATLAB_RONNY\MATLAB\R2012b\bin\win64\libmwgui.dll
0x00000000734a0000 - 0x00000000734b7000 	C:\Program Files\MATLAB_RONNY\MATLAB\R2012b\bin\win64\graphics_util.dll
0x000000006fd70000 - 0x00000000707cf000 	C:\Program Files\MATLAB_RONNY\MATLAB\R2012b\bin\win64\hg.dll
0x0000000005590000 - 0x00000000055f8000 	C:\Program Files\MATLAB_RONNY\MATLAB\R2012b\bin\win64\libmat.dll
0x0000000005610000 - 0x0000000005824000 	C:\Program Files\MATLAB_RONNY\MATLAB\R2012b\bin\win64\hdf5dll.dll
0x0000000075710000 - 0x00000000757de000 	C:\Program Files\MATLAB_RONNY\MATLAB\R2012b\bin\win64\jmi.dll
0x0000000005850000 - 0x000000000585d000 	C:\Program Files\MATLAB_RONNY\MATLAB\R2012b\bin\win64\nativejava_services.dll
0x0000000072ef0000 - 0x0000000072f36000 	C:\Program Files\MATLAB_RONNY\MATLAB\R2012b\bin\win64\libmwhardcopy.dll
0x0000000072af0000 - 0x0000000072b53000 	C:\Program Files\MATLAB_RONNY\MATLAB\R2012b\bin\win64\libuij.dll
0x0000000071240000 - 0x00000000714a4000 	C:\Program Files\MATLAB_RONNY\MATLAB\R2012b\bin\win64\hgdatatypes.dll
0x00000000728a0000 - 0x00000000729bf000 	C:\Program Files\MATLAB_RONNY\MATLAB\R2012b\bin\win64\hgutils.dll
0x0000000072a30000 - 0x0000000072af0000 	C:\Program Files\MATLAB_RONNY\MATLAB\R2012b\bin\win64\udd_mi.dll
0x00000000058c0000 - 0x00000000058fb000 	C:\Program Files\MATLAB_RONNY\MATLAB\R2012b\bin\win64\libmwgbtutils.dll
0x0000000005910000 - 0x000000000592b000 	C:\Program Files\MATLAB_RONNY\MATLAB\R2012b\bin\win64\libmwgbt.dll
0x0000000005940000 - 0x0000000005c11000 	C:\Program Files\MATLAB_RONNY\MATLAB\R2012b\bin\win64\uiw.dll
0x0000000073750000 - 0x000000007375f000 	C:\Program Files\MATLAB_RONNY\MATLAB\R2012b\bin\win64\uinone.dll
0x0000000005c40000 - 0x0000000005c69000 	C:\Program Files\MATLAB_RONNY\MATLAB\R2012b\bin\win64\libmwnativefiledialogs.dll
0x0000000005c80000 - 0x0000000005c88000 	C:\Program Files\MATLAB_RONNY\MATLAB\R2012b\bin\win64\libmwplatform_res.dll
0x000007fef75e0000 - 0x000007fef75f8000 	C:\Windows\system32\MPR.dll
0x000000006f880000 - 0x000000006fd64000 	C:\Windows\WinSxS\amd64_microsoft.vc90.mfc_1fc8b3b9a1e18e3b_9.0.30729.6161_none_044aad0bab1eb146\mfc90.dll
0x000007fef9ae0000 - 0x000007fef9ae7000 	C:\Windows\system32\MSIMG32.dll
0x000007fef8300000 - 0x000007fef8371000 	C:\Windows\system32\WINSPOOL.DRV
0x0000000072ec0000 - 0x0000000072ee2000 	C:\Program Files\MATLAB_RONNY\MATLAB\R2012b\bin\win64\mwoles05.DLL
0x0000000072820000 - 0x000000007289d000 	C:\Program Files\MATLAB_RONNY\MATLAB\R2012b\bin\win64\comcli.dll
0x0000000074330000 - 0x000000007435f000 	C:\Windows\WinSxS\amd64_microsoft.vc90.atl_1fc8b3b9a1e18e3b_9.0.30729.6161_none_0a1fd3a3a768b895\ATL90.DLL
0x0000000073490000 - 0x000000007349c000 	C:\Program Files\MATLAB_RONNY\MATLAB\R2012b\bin\win64\mlautoregister.dll
0x000007fefe9b0000 - 0x000007fefe9de000 	C:\Windows\system32\IMM32.DLL
0x000007feff040000 - 0x000007feff149000 	C:\Windows\system32\MSCTF.dll
0x000007fefb8d0000 - 0x000007fefb926000 	C:\Windows\system32\UxTheme.dll
0x000007fefb4f0000 - 0x000007fefb508000 	C:\Windows\system32\dwmapi.dll
0x0000000073370000 - 0x000000007337d000 	C:\Windows\WinSxS\amd64_microsoft.vc90.mfcloc_1fc8b3b9a1e18e3b_9.0.30729.6161_none_01c9581e60cbee58\MFC90ENU.DLL
0x0000000078870000 - 0x0000000078ecd000 	C:\Program Files\MATLAB_RONNY\MATLAB\R2012b\sys\java\jre\win64\jre\bin\server\jvm.dll
0x000007fef6220000 - 0x000007fef625b000 	C:\Windows\system32\WINMM.dll
0x000007fefd370000 - 0x000007fefd37f000 	C:\Windows\system32\profapi.dll
0x000007fefb1a0000 - 0x000007fefb1b5000 	C:\Windows\system32\NLAapi.dll
0x000007fef7bb0000 - 0x000007fef7bc5000 	C:\Windows\system32\napinsp.dll
0x000007fef7b90000 - 0x000007fef7ba9000 	C:\Windows\system32\pnrpnsp.dll
0x000007fefcb40000 - 0x000007fefcb95000 	C:\Windows\System32\mswsock.dll
0x000007fefc9c0000 - 0x000007fefca1b000 	C:\Windows\system32\DNSAPI.dll
0x000007fef7a90000 - 0x000007fef7a9b000 	C:\Windows\System32\winrnr.dll
0x000007fef7a70000 - 0x000007fef7a80000 	C:\Windows\system32\wshbth.dll

VM Arguments:
jvm_args: -Xss512k -XX:PermSize=32m -Xms64m -XX:NewRatio=3 -XX:MaxPermSize=128m -Xmx2027m -XX:MaxDirectMemorySize=2147400000 -Dsun.java2d.noddraw=true -Dsun.awt.nopixfmt=true -Xshare:off -Xrs -Dsun.awt.disableMixing=true -Djava.library.path=C:\Program Files\MATLAB_RONNY\MATLAB\R2012b\bin\win64;C:\Program Files\MATLAB_RONNY\MATLAB\R2012b\sys\jxbrowser\win64\lib vfprintf abort 
java_command: <unknown>
Launcher Type: generic

Environment Variables:
CLASSPATH=.;C:\Program Files (x86)\QuickTime\QTSystem\QTJava.zip
PATH=C:\ProgramData\Oracle\Java\javapath;C:\Program Files\Common Files\Microsoft Shared\Windows Live;C:\Program Files (x86)\Common Files\Microsoft Shared\Windows Live;C:\Program Files (x86)\NVIDIA Corporation\PhysX\Common;C:\Program Files (x86)\Intel\iCLS Client\;C:\Program Files\Intel\iCLS Client\;C:\Windows\system32;C:\Windows;C:\Windows\System32\Wbem;C:\Windows\System32\WindowsPowerShell\v1.0\;C:\Program Files\Intel\Intel(R) Management Engine Components\DAL;C:\Program Files\Intel\Intel(R) Management Engine Components\IPT;C:\Program Files (x86)\Intel\Intel(R) Management Engine Components\DAL;C:\Program Files (x86)\Intel\Intel(R) Management Engine Components\IPT;C:\Program Files (x86)\Windows Live\Shared;C:\Program Files (x86)\QuickTime\QTSystem\;C:\Program Files\SlikSvn\bin;C:\Program Files\MATLAB\MATLAB Production Server\R2015a\runtime\win64;C:\Program Files\MATLAB\MATLAB Production Server\R2015a\bin;C:\Program Files\MATLAB\MATLAB Production Server\R2015a\polyspace\bin;C:\Program Files (x86)\Skype\Phone\;C:\Program Files\Java\jdk1.8.0_65\bin;C:\Program Files\MATLAB_RONNY\MATLAB\R2012b\toolbox\imaq\imaqextern\drivers\win64\genicam\GenICam_v2_3\bin\Win64_x64
USERNAME=Like_A
OS=Windows_NT
PROCESSOR_IDENTIFIER=Intel64 Family 6 Model 60 Stepping 3, GenuineIntel



---------------  S Y S T E M  ---------------

OS: Windows 7 Build 7601 Service Pack 1

CPU:total 8 (8 cores per cpu, 2 threads per core) family 6 model 60 stepping 3, cmov, cx8, fxsr, mmx, sse, sse2, sse3, ssse3, sse4.1, sse4.2, ht

Memory: 4k page, physical 8304136k(5280088k free), swap 16606436k(13499344k free)

vm_info: Java HotSpot(TM) 64-Bit Server VM (14.3-b01) for windows-amd64 JRE (1.6.0_17-b04), built on Oct 11 2009 00:46:08 by "java_re" with MS VC++ 8.0

time: Fri Dec 25 23:08:31 2015
elapsed time: 453 seconds

