#
# A fatal error has been detected by the Java Runtime Environment:
#
#  EXCEPTION_ACCESS_VIOLATION (0xc0000005) at pc=0x0000000078aae9f9, pid=5700, tid=5832
#
# JRE version: 6.0_17-b04
# Java VM: Java HotSpot(TM) 64-Bit Server VM (14.3-b01 mixed mode windows-amd64 )
# Problematic frame:
# V  [jvm.dll+0x23e9f9]
#
# If you would like to submit a bug report, please visit:
#   http://java.sun.com/webapps/bugreport/crash.jsp
#

---------------  T H R E A D  ---------------

Current thread (0x000000005ddc4000):  JavaThread "AWT-EventQueue-0" [_thread_in_vm, id=5832, stack(0x0000000021260000,0x00000000212e0000)]

siginfo: ExceptionCode=0xc0000005, reading address 0x0000000000000001

Registers:
EAX=0x0000000000000001, EBX=0x0000000005b15200, ECX=0x0000000005b34a90, EDX=0x000000008b249330
ESP=0x00000000212dea70, EBP=0x000000008b249330, ESI=0x000000008b249330, EDI=0x0000000005b34a90
EIP=0x0000000078aae9f9, EFLAGS=0x0000000000010202

Top of Stack: (sp=0x00000000212dea70)
0x00000000212dea70:   00000000801f5060 000000005de24340
0x00000000212dea80:   000000005da149b8 0000000076b93817
0x00000000212dea90:   00000000001902bb 0000000078aaeb14
0x00000000212deaa0:   0000000005b15200 0000000000000001
0x00000000212deab0:   000000008b249330 000000005da149b8
0x00000000212deac0:   0000000000000000 0000000078a6f749
0x00000000212dead0:   000000000000000e 0000000073222f40
0x00000000212deae0:   000000005da149b8 000000005ddc4000
0x00000000212deaf0:   000000005ddc4000 0000000000000000
0x00000000212deb00:   00000000212debd8 00000000212debd8
0x00000000212deb10:   00000000212debe0 00000000731dfba2
0x00000000212deb20:   000000000fd0ee70 0000000000009813
0x00000000212deb30:   00000000212debd8 000000005ddc41b8
0x00000000212deb40:   0000000000000000 00000000732014be
0x00000000212deb50:   000000000fd0ee70 00000000212dec20
0x00000000212deb60:   000000005ddc41b8 00000000212debd8 

Instructions: (pc=0x0000000078aae9f9)
0x0000000078aae9e9:   c1 89 8a 00 01 00 00 eb 11 48 8b 87 20 01 00 00
0x0000000078aae9f9:   48 8b 08 48 89 8f 20 01 00 00 4c 8b 64 24 20 48 


Stack: [0x0000000021260000,0x00000000212e0000],  sp=0x00000000212dea70,  free space=506k
Native frames: (J=compiled Java code, j=interpreted, Vv=VM code, C=native code)
V  [jvm.dll+0x23e9f9]

Java frames: (J=compiled Java code, j=interpreted, Vv=VM code)
J  sun.awt.windows.WInputMethod.enableNativeIME(Lsun/awt/windows/WComponentPeer;IZ)V
J  sun.awt.im.InputContext.activateInputMethod(Z)V
J  sun.awt.im.InputContext.dispatchEvent(Ljava/awt/AWTEvent;)V
J  java.awt.Component.dispatchEventImpl(Ljava/awt/AWTEvent;)V
J  java.awt.Window.dispatchEventImpl(Ljava/awt/AWTEvent;)V
J  java.awt.DefaultKeyboardFocusManager.typeAheadAssertions(Ljava/awt/Component;Ljava/awt/AWTEvent;)Z
J  java.awt.DefaultKeyboardFocusManager.dispatchEvent(Ljava/awt/AWTEvent;)Z
J  java.awt.Component.dispatchEventImpl(Ljava/awt/AWTEvent;)V
J  java.awt.Window.dispatchEventImpl(Ljava/awt/AWTEvent;)V
J  java.awt.SequencedEvent.dispatch()V
J  java.awt.EventDispatchThread.pumpOneEventForFilters(I)Z
J  java.awt.EventDispatchThread.pumpEventsForFilter(ILjava/awt/Conditional;Ljava/awt/EventFilter;)V
j  java.awt.EventDispatchThread.pumpEventsForHierarchy(ILjava/awt/Conditional;Ljava/awt/Component;)V+11
j  java.awt.EventDispatchThread.pumpEvents(ILjava/awt/Conditional;)V+4
j  java.awt.EventDispatchThread.pumpEvents(Ljava/awt/Conditional;)V+3
j  java.awt.EventDispatchThread.run()V+9
v  ~StubRoutines::call_stub

---------------  P R O C E S S  ---------------

Java Threads: ( => current thread )
  0x00000000600b8000 JavaThread "Thread-45" daemon [_thread_blocked, id=3768, stack(0x0000000025360000,0x00000000253e0000)]
  0x00000000600b6000 JavaThread "Swing-Shell" daemon [_thread_blocked, id=5444, stack(0x00000000211d0000,0x0000000021250000)]
  0x00000000600b4000 JavaThread "Code Analyzer updating thread" [_thread_blocked, id=4212, stack(0x000000005e6e0000,0x000000005e760000)]
  0x00000000600b3000 JavaThread "Code Analyzer updating thread" [_thread_blocked, id=2544, stack(0x0000000050ce0000,0x0000000050d60000)]
  0x00000000600b1000 JavaThread "Active Reference Queue Daemon" daemon [_thread_blocked, id=4612, stack(0x000000004cc60000,0x000000004cce0000)]
  0x00000000600b2800 JavaThread "Timer-9" daemon [_thread_blocked, id=4616, stack(0x0000000048ae0000,0x0000000048b60000)]
  0x00000000600b1800 JavaThread "Timer-8" daemon [_thread_blocked, id=4672, stack(0x000000004cb70000,0x000000004cbf0000)]
  0x000000005dda8800 JavaThread "Explorer NavigationContext request queue" [_thread_blocked, id=6140, stack(0x000000002c350000,0x000000002c3d0000)]
  0x000000005dda7000 JavaThread "AddressBar directory emptiness poller" [_thread_blocked, id=6068, stack(0x000000000f010000,0x000000000f090000)]
  0x000000005dda6800 JavaThread "Explorer Refresh Service 1418074633" [_thread_blocked, id=6064, stack(0x000000000ee30000,0x000000000eeb0000)]
  0x000000005dda4800 JavaThread "Timer-1" daemon [_thread_blocked, id=6024, stack(0x000000000e580000,0x000000000e600000)]
  0x000000005dda3800 JavaThread "TimerQueue" daemon [_thread_blocked, id=5984, stack(0x000000000e4e0000,0x000000000e560000)]
  0x000000005dda3000 JavaThread "Thread-5" daemon [_thread_blocked, id=5852, stack(0x000000000ff60000,0x000000000ffe0000)]
  0x000000005dda2000 JavaThread "FelixPackageAdmin" daemon [_thread_blocked, id=5848, stack(0x0000000040a00000,0x0000000040a80000)]
  0x000000005e0a6800 JavaThread "FelixStartLevel" daemon [_thread_blocked, id=5844, stack(0x000000003c8e0000,0x000000003c960000)]
  0x000000005df1e000 JavaThread "FelixDispatchQueue" daemon [_thread_blocked, id=5840, stack(0x0000000034640000,0x00000000346c0000)]
=>0x000000005ddc4000 JavaThread "AWT-EventQueue-0" [_thread_in_vm, id=5832, stack(0x0000000021260000,0x00000000212e0000)]
  0x000000005dd4c800 JavaThread "com.google.common.base.internal.Finalizer" daemon [_thread_blocked, id=5828, stack(0x000000002c420000,0x000000002c4a0000)]
  0x000000005dced800 JavaThread "AWT-Windows" daemon [_thread_in_native, id=5820, stack(0x0000000018fb0000,0x0000000019030000)]
  0x000000005dced000 JavaThread "AWT-Shutdown" [_thread_blocked, id=5816, stack(0x000000000da80000,0x000000000db00000)]
  0x000000005dcec000 JavaThread "Java2D Disposer" daemon [_thread_blocked, id=5812, stack(0x0000000010ec0000,0x0000000010f40000)]
  0x000000005da08000 JavaThread "Timer-0" [_thread_blocked, id=5808, stack(0x000000000fa30000,0x000000000fab0000)]
  0x000000005d851800 JavaThread "EventMgr Dispatcher" daemon [_thread_in_native, id=5712, stack(0x0000000009510000,0x000000000d510000)]
  0x000000000f9ef000 JavaThread "Low Memory Detector" daemon [_thread_blocked, id=5800, stack(0x000000000fad0000,0x000000000fb50000)]
  0x000000000f9ea800 JavaThread "CompilerThread1" daemon [_thread_blocked, id=5796, stack(0x0000000054ee0000,0x0000000058ee0000)]
  0x000000000f99f800 JavaThread "CompilerThread0" daemon [_thread_blocked, id=5792, stack(0x0000000050e80000,0x0000000054e80000)]
  0x000000000f99e800 JavaThread "Attach Listener" daemon [_thread_blocked, id=5788, stack(0x000000000db30000,0x000000000dbb0000)]
  0x000000000f982000 JavaThread "Finalizer" daemon [_thread_blocked, id=5784, stack(0x00000000090e0000,0x0000000009160000)]
  0x000000000f97d800 JavaThread "Reference Handler" daemon [_thread_blocked, id=5780, stack(0x0000000008660000,0x00000000086e0000)]
  0x0000000005c7f800 JavaThread "main" [_thread_blocked, id=5704, stack(0x00000000001e0000,0x00000000041e0000)]

Other Threads:
  0x000000000f978800 VMThread [stack: 0x000000004cce0000,0x0000000050ce0000] [id=5776]
  0x000000000fa1c000 WatcherThread [stack: 0x0000000058f00000,0x000000005cf00000] [id=5804]

VM state:not at safepoint (normal execution)

VM Mutex/Monitor currently owned by a thread:  ([mutex/lock_event])
[0x0000000005b15200] JNIGlobalHandle_lock - owner thread: 0x000000005ddc4000

Heap
 PSYoungGen      total 16000K, used 6626K [0x00000000e70f0000, 0x00000000e80f0000, 0x0000000106bf0000)
  eden space 15616K, 40% used [0x00000000e70f0000,0x00000000e7728ac0,0x00000000e8030000)
  from space 384K, 66% used [0x00000000e8030000,0x00000000e8070018,0x00000000e8090000)
  to   space 384K, 0% used [0x00000000e8090000,0x00000000e8090000,0x00000000e80f0000)
 PSOldGen        total 87616K, used 63904K [0x0000000087ff0000, 0x000000008d580000, 0x00000000e70f0000)
  object space 87616K, 72% used [0x0000000087ff0000,0x000000008be582c8,0x000000008d580000)
 PSPermGen       total 122176K, used 59875K [0x000000007fff0000, 0x0000000087740000, 0x0000000087ff0000)
  object space 122176K, 49% used [0x000000007fff0000,0x0000000083a68d80,0x0000000087740000)

Dynamic libraries:
0x000000013f030000 - 0x000000013f05d000 	C:\Program Files\MATLAB_RONNY\MATLAB\R2012b\bin\win64\MATLAB.exe
0x0000000076da0000 - 0x0000000076f49000 	C:\Windows\SYSTEM32\ntdll.dll
0x0000000076c80000 - 0x0000000076da0000 	C:\Windows\system32\kernel32.dll
0x000007fefcd10000 - 0x000007fefcd7c000 	C:\Windows\system32\KERNELBASE.dll
0x0000000074460000 - 0x000000007451f000 	C:\Program Files\MATLAB_RONNY\MATLAB\R2012b\bin\win64\libut.dll
0x00000000758a0000 - 0x000000007595c000 	C:\Program Files\MATLAB_RONNY\MATLAB\R2012b\bin\win64\libmwi18n.dll
0x0000000180000000 - 0x000000018000b000 	C:\Program Files\MATLAB_RONNY\MATLAB\R2012b\bin\win64\libmwresource_core.dll
0x0000000073cc0000 - 0x0000000073d93000 	C:\Windows\WinSxS\amd64_microsoft.vc90.crt_1fc8b3b9a1e18e3b_9.0.30729.6161_none_08e61857a83bc251\MSVCP90.dll
0x0000000073c10000 - 0x0000000073cb3000 	C:\Windows\WinSxS\amd64_microsoft.vc90.crt_1fc8b3b9a1e18e3b_9.0.30729.6161_none_08e61857a83bc251\MSVCR90.dll
0x000000007a170000 - 0x000000007a19c000 	C:\Program Files\MATLAB_RONNY\MATLAB\R2012b\bin\win64\boost_filesystem-vc90-mt-1_44.dll
0x000000007a560000 - 0x000000007a569000 	C:\Program Files\MATLAB_RONNY\MATLAB\R2012b\bin\win64\boost_system-vc90-mt-1_44.dll
0x000007fefdd80000 - 0x000007fefde5b000 	C:\Windows\system32\ADVAPI32.dll
0x000007fefee30000 - 0x000007fefeecf000 	C:\Windows\system32\msvcrt.dll
0x000007fefe040000 - 0x000007fefe05f000 	C:\Windows\SYSTEM32\sechost.dll
0x000007fefecb0000 - 0x000007fefeddd000 	C:\Windows\system32\RPCRT4.dll
0x000000007a010000 - 0x000000007a035000 	C:\Program Files\MATLAB_RONNY\MATLAB\R2012b\bin\win64\LIBEXPAT.dll
0x00000000726c0000 - 0x00000000728b1000 	C:\Program Files\MATLAB_RONNY\MATLAB\R2012b\bin\win64\icuin44.dll
0x0000000072940000 - 0x0000000072ab1000 	C:\Program Files\MATLAB_RONNY\MATLAB\R2012b\bin\win64\icuuc44.dll
0x0000000010000000 - 0x0000000010e41000 	C:\Program Files\MATLAB_RONNY\MATLAB\R2012b\bin\win64\icudt44.dll
0x0000000073f70000 - 0x000000007411d000 	C:\Program Files\MATLAB_RONNY\MATLAB\R2012b\bin\win64\libmwfl.dll
0x0000000004250000 - 0x0000000004606000 	C:\Program Files\MATLAB_RONNY\MATLAB\R2012b\bin\win64\libmwMATLAB_res.dll
0x000000007a3b0000 - 0x000000007a3c0000 	C:\Program Files\MATLAB_RONNY\MATLAB\R2012b\bin\win64\boost_date_time-vc90-mt-1_44.dll
0x000000007a250000 - 0x000000007a263000 	C:\Program Files\MATLAB_RONNY\MATLAB\R2012b\bin\win64\boost_signals-vc90-mt-1_44.dll
0x000000007a2d0000 - 0x000000007a2e2000 	C:\Program Files\MATLAB_RONNY\MATLAB\R2012b\bin\win64\boost_thread-vc90-mt-1_44.dll
0x0000000004650000 - 0x000000000470d000 	C:\Program Files\MATLAB_RONNY\MATLAB\R2012b\bin\win64\boost_log-vc90-mt-1_44.dll
0x0000000076f70000 - 0x0000000076f77000 	C:\Windows\system32\PSAPI.DLL
0x000007fefede0000 - 0x000007fefee2d000 	C:\Windows\system32\WS2_32.dll
0x000007feff0a0000 - 0x000007feff0a8000 	C:\Windows\system32\NSI.dll
0x0000000004720000 - 0x0000000004766000 	C:\Program Files\MATLAB_RONNY\MATLAB\R2012b\bin\win64\tbb.dll
0x000007feff080000 - 0x000007feff099000 	C:\Windows\system32\imagehlp.dll
0x0000000072c60000 - 0x0000000072c73000 	C:\Program Files\MATLAB_RONNY\MATLAB\R2012b\bin\win64\icuio44.dll
0x000007fef63f0000 - 0x000007fef6515000 	C:\Windows\system32\dbghelp.dll
0x0000000076b80000 - 0x0000000076c7a000 	C:\Windows\system32\USER32.dll
0x000007fefeb40000 - 0x000007fefeba7000 	C:\Windows\system32\GDI32.dll
0x000007fefdd70000 - 0x000007fefdd7e000 	C:\Windows\system32\LPK.dll
0x000007fefebe0000 - 0x000007fefecaa000 	C:\Windows\system32\USP10.dll
0x0000000004790000 - 0x0000000004a6c000 	C:\Program Files\MATLAB_RONNY\MATLAB\R2012b\bin\win64\libmwservices.dll
0x0000000075a20000 - 0x0000000075af3000 	C:\Program Files\MATLAB_RONNY\MATLAB\R2012b\bin\win64\libmx.dll
0x0000000004a90000 - 0x0000000004ab9000 	C:\Program Files\MATLAB_RONNY\MATLAB\R2012b\bin\win64\tbbmalloc.dll
0x000000007a210000 - 0x000000007a228000 	C:\Program Files\MATLAB_RONNY\MATLAB\R2012b\bin\win64\zlib1.dll
0x0000000004ae0000 - 0x0000000004b2d000 	C:\Program Files\MATLAB_RONNY\MATLAB\R2012b\bin\win64\libmwregexp.dll
0x0000000004b40000 - 0x0000000004b63000 	C:\Program Files\MATLAB_RONNY\MATLAB\R2012b\bin\win64\libmwmfl_scalar.dll
0x0000000075f10000 - 0x0000000075f60000 	C:\Program Files\MATLAB_RONNY\MATLAB\R2012b\bin\win64\mpath.dll
0x000000007b680000 - 0x000000007bc9a000 	C:\Program Files\MATLAB_RONNY\MATLAB\R2012b\bin\win64\mlutil.dll
0x00000000754d0000 - 0x0000000075551000 	C:\Program Files\MATLAB_RONNY\MATLAB\R2012b\bin\win64\xmlcore.dll
0x0000000004bb0000 - 0x0000000004e03000 	C:\Program Files\MATLAB_RONNY\MATLAB\R2012b\bin\win64\xerces-c_2_7.dll
0x0000000004e20000 - 0x0000000004e40000 	C:\Program Files\MATLAB_RONNY\MATLAB\R2012b\bin\win64\libmwMATLAB_settings_res.dll
0x0000000004e50000 - 0x0000000004e60000 	C:\Program Files\MATLAB_RONNY\MATLAB\R2012b\bin\win64\boost_iostreams-vc90-mt-1_44.dll
0x0000000004e70000 - 0x0000000004eb7000 	C:\Program Files\MATLAB_RONNY\MATLAB\R2012b\bin\win64\boost_serialization-vc90-mt-1_44.dll
0x000007fefcfe0000 - 0x000007fefdd69000 	C:\Windows\system32\SHELL32.dll
0x000007fefe580000 - 0x000007fefe5f1000 	C:\Windows\system32\SHLWAPI.dll
0x000007fef6cb0000 - 0x000007fef6d50000 	C:\Windows\WinSxS\amd64_microsoft.windows.common-controls_6595b64144ccf1df_5.82.7601.18837_none_a4d981ff711297b6\COMCTL32.dll
0x000007fefefe0000 - 0x000007feff077000 	C:\Windows\system32\COMDLG32.dll
0x000007fefafb0000 - 0x000007fefafc6000 	C:\Windows\system32\NETAPI32.dll
0x000007fefafa0000 - 0x000007fefafac000 	C:\Windows\system32\netutils.dll
0x000007fefc620000 - 0x000007fefc643000 	C:\Windows\system32\srvcli.dll
0x000007fefaf80000 - 0x000007fefaf95000 	C:\Windows\system32\wkscli.dll
0x000007fefe100000 - 0x000007fefe303000 	C:\Windows\system32\ole32.dll
0x000007fefe8d0000 - 0x000007fefe9a7000 	C:\Windows\system32\OLEAUT32.dll
0x0000000074970000 - 0x0000000074a31000 	C:\Program Files\MATLAB_RONNY\MATLAB\R2012b\bin\win64\mcr.dll
0x0000000075000000 - 0x00000000753e9000 	C:\Program Files\MATLAB_RONNY\MATLAB\R2012b\bin\win64\iqm.dll
0x0000000074e80000 - 0x0000000074f38000 	C:\Program Files\MATLAB_RONNY\MATLAB\R2012b\bin\win64\m_dispatcher.dll
0x0000000074880000 - 0x000000007496d000 	C:\Program Files\MATLAB_RONNY\MATLAB\R2012b\bin\win64\boost_regex-vc90-mt-1_44.dll
0x000007feebfc0000 - 0x000007feec831000 	C:\Program Files\MATLAB_RONNY\MATLAB\R2012b\bin\win64\m_interpreter.dll
0x0000000072910000 - 0x0000000072937000 	C:\Program Files\MATLAB_RONNY\MATLAB\R2012b\bin\win64\libmex.dll
0x0000000072630000 - 0x00000000726b4000 	C:\Program Files\MATLAB_RONNY\MATLAB\R2012b\bin\win64\profiler.dll
0x0000000004f40000 - 0x00000000051aa000 	C:\Program Files\MATLAB_RONNY\MATLAB\R2012b\bin\win64\libmwmathutil.dll
0x0000000079f40000 - 0x0000000079f6e000 	C:\Program Files\MATLAB_RONNY\MATLAB\R2012b\bin\win64\libmwmathrng.dll
0x00000000051d0000 - 0x00000000051e2000 	C:\Program Files\MATLAB_RONNY\MATLAB\R2012b\bin\win64\libmwmfl_rng.dll
0x0000000074c10000 - 0x0000000074cee000 	C:\Program Files\MATLAB_RONNY\MATLAB\R2012b\bin\win64\libmwmathcore.dll
0x0000000076160000 - 0x00000000761ca000 	C:\Program Files\MATLAB_RONNY\MATLAB\R2012b\bin\win64\libmwspmatrix.dll
0x0000000075ea0000 - 0x0000000075f02000 	C:\Program Files\MATLAB_RONNY\MATLAB\R2012b\bin\win64\libmwcholmod.dll
0x000000007a460000 - 0x000000007a46d000 	C:\Program Files\MATLAB_RONNY\MATLAB\R2012b\bin\win64\libmwamd.dll
0x000000007a4b0000 - 0x000000007a4bc000 	C:\Program Files\MATLAB_RONNY\MATLAB\R2012b\bin\win64\libmwcolamd.dll
0x000000007a290000 - 0x000000007a2a9000 	C:\Program Files\MATLAB_RONNY\MATLAB\R2012b\bin\win64\libmwblas.dll
0x000000007a310000 - 0x000000007a321000 	C:\Program Files\MATLAB_RONNY\MATLAB\R2012b\bin\win64\libmwbinder.dll
0x000000007a4d0000 - 0x000000007a4dc000 	C:\Program Files\MATLAB_RONNY\MATLAB\R2012b\bin\win64\libmwompwrapper.dll
0x0000000005280000 - 0x0000000005305000 	C:\Program Files\MATLAB_RONNY\MATLAB\R2012b\bin\win64\libmwlapack.dll
0x00000000728e0000 - 0x0000000072901000 	C:\Program Files\MATLAB_RONNY\MATLAB\R2012b\bin\win64\m_pcodeio.dll
0x0000000079b10000 - 0x0000000079b77000 	C:\Program Files\MATLAB_RONNY\MATLAB\R2012b\bin\win64\m_ir.dll
0x0000000068ef0000 - 0x0000000069560000 	C:\Program Files\MATLAB_RONNY\MATLAB\R2012b\bin\win64\m_parser.dll
0x0000000072c80000 - 0x0000000072c9a000 	C:\Program Files\MATLAB_RONNY\MATLAB\R2012b\bin\win64\ir_xfmr.dll
0x000007feece20000 - 0x000007feed0b6000 	C:\Program Files\MATLAB_RONNY\MATLAB\R2012b\bin\win64\mcos.dll
0x00000000728c0000 - 0x00000000728d1000 	C:\Program Files\MATLAB_RONNY\MATLAB\R2012b\bin\win64\mtok.dll
0x00000000725f0000 - 0x0000000072621000 	C:\Program Files\MATLAB_RONNY\MATLAB\R2012b\bin\win64\m_pcodegen.dll
0x0000000079fb0000 - 0x0000000079fe6000 	C:\Program Files\MATLAB_RONNY\MATLAB\R2012b\bin\win64\libmwbridge.dll
0x0000000072520000 - 0x00000000725e8000 	C:\Program Files\MATLAB_RONNY\MATLAB\R2012b\bin\win64\udd.dll
0x00000000723c0000 - 0x0000000072512000 	C:\Program Files\MATLAB_RONNY\MATLAB\R2012b\bin\win64\libmwgui.dll
0x00000000723a0000 - 0x00000000723b7000 	C:\Program Files\MATLAB_RONNY\MATLAB\R2012b\bin\win64\graphics_util.dll
0x0000000061730000 - 0x000000006218f000 	C:\Program Files\MATLAB_RONNY\MATLAB\R2012b\bin\win64\hg.dll
0x00000000053e0000 - 0x0000000005448000 	C:\Program Files\MATLAB_RONNY\MATLAB\R2012b\bin\win64\libmat.dll
0x0000000072d30000 - 0x0000000072f44000 	C:\Program Files\MATLAB_RONNY\MATLAB\R2012b\bin\win64\hdf5dll.dll
0x0000000075710000 - 0x00000000757de000 	C:\Program Files\MATLAB_RONNY\MATLAB\R2012b\bin\win64\jmi.dll
0x0000000005480000 - 0x000000000548d000 	C:\Program Files\MATLAB_RONNY\MATLAB\R2012b\bin\win64\nativejava_services.dll
0x0000000072350000 - 0x0000000072396000 	C:\Program Files\MATLAB_RONNY\MATLAB\R2012b\bin\win64\libmwhardcopy.dll
0x00000000722e0000 - 0x0000000072343000 	C:\Program Files\MATLAB_RONNY\MATLAB\R2012b\bin\win64\libuij.dll
0x0000000069960000 - 0x0000000069bc4000 	C:\Program Files\MATLAB_RONNY\MATLAB\R2012b\bin\win64\hgdatatypes.dll
0x0000000069840000 - 0x000000006995f000 	C:\Program Files\MATLAB_RONNY\MATLAB\R2012b\bin\win64\hgutils.dll
0x0000000072220000 - 0x00000000722e0000 	C:\Program Files\MATLAB_RONNY\MATLAB\R2012b\bin\win64\udd_mi.dll
0x00000000054f0000 - 0x000000000552b000 	C:\Program Files\MATLAB_RONNY\MATLAB\R2012b\bin\win64\libmwgbtutils.dll
0x0000000005540000 - 0x000000000555b000 	C:\Program Files\MATLAB_RONNY\MATLAB\R2012b\bin\win64\libmwgbt.dll
0x0000000005570000 - 0x0000000005841000 	C:\Program Files\MATLAB_RONNY\MATLAB\R2012b\bin\win64\uiw.dll
0x0000000072c50000 - 0x0000000072c5f000 	C:\Program Files\MATLAB_RONNY\MATLAB\R2012b\bin\win64\uinone.dll
0x0000000005870000 - 0x0000000005899000 	C:\Program Files\MATLAB_RONNY\MATLAB\R2012b\bin\win64\libmwnativefiledialogs.dll
0x00000000058b0000 - 0x00000000058b8000 	C:\Program Files\MATLAB_RONNY\MATLAB\R2012b\bin\win64\libmwplatform_res.dll
0x000007fef62e0000 - 0x000007fef62f8000 	C:\Windows\system32\MPR.dll
0x00000000667e0000 - 0x0000000066cc4000 	C:\Windows\WinSxS\amd64_microsoft.vc90.mfc_1fc8b3b9a1e18e3b_9.0.30729.6161_none_044aad0bab1eb146\mfc90.dll
0x000007fef82f0000 - 0x000007fef82f7000 	C:\Windows\system32\MSIMG32.dll
0x000007fef7a20000 - 0x000007fef7a91000 	C:\Windows\system32\WINSPOOL.DRV
0x0000000071950000 - 0x0000000071972000 	C:\Program Files\MATLAB_RONNY\MATLAB\R2012b\bin\win64\mwoles05.DLL
0x0000000070850000 - 0x00000000708cd000 	C:\Program Files\MATLAB_RONNY\MATLAB\R2012b\bin\win64\comcli.dll
0x0000000073da0000 - 0x0000000073dcf000 	C:\Windows\WinSxS\amd64_microsoft.vc90.atl_1fc8b3b9a1e18e3b_9.0.30729.6161_none_0a1fd3a3a768b895\ATL90.DLL
0x0000000072210000 - 0x000000007221c000 	C:\Program Files\MATLAB_RONNY\MATLAB\R2012b\bin\win64\mlautoregister.dll
0x000007fefebb0000 - 0x000007fefebde000 	C:\Windows\system32\IMM32.DLL
0x000007fefeed0000 - 0x000007fefefd9000 	C:\Windows\system32\MSCTF.dll
0x000007fef8ac0000 - 0x000007fef8b16000 	C:\Windows\system32\UxTheme.dll
0x000007fef86e0000 - 0x000007fef86f8000 	C:\Windows\system32\dwmapi.dll
0x0000000072200000 - 0x000000007220d000 	C:\Windows\WinSxS\amd64_microsoft.vc90.mfcloc_1fc8b3b9a1e18e3b_9.0.30729.6161_none_01c9581e60cbee58\MFC90ENU.DLL
0x0000000078870000 - 0x0000000078ecd000 	C:\Program Files\MATLAB_RONNY\MATLAB\R2012b\sys\java\jre\win64\jre\bin\server\jvm.dll
0x000007fef71c0000 - 0x000007fef71fb000 	C:\Windows\system32\WINMM.dll
0x000007fefcb50000 - 0x000007fefcb5f000 	C:\Windows\system32\profapi.dll
0x000007fefb490000 - 0x000007fefb4a5000 	C:\Windows\system32\NLAapi.dll
0x000007fef7130000 - 0x000007fef7145000 	C:\Windows\system32\napinsp.dll
0x000007fef7110000 - 0x000007fef7129000 	C:\Windows\system32\pnrpnsp.dll
0x000007fefc320000 - 0x000007fefc375000 	C:\Windows\System32\mswsock.dll
0x000007fefc1a0000 - 0x000007fefc1fb000 	C:\Windows\system32\DNSAPI.dll
0x000007fef7100000 - 0x000007fef710b000 	C:\Windows\System32\winrnr.dll
0x000007fef70f0000 - 0x000007fef7100000 	C:\Windows\system32\wshbth.dll

VM Arguments:
jvm_args: -Xss512k -XX:PermSize=32m -Xms64m -XX:NewRatio=3 -XX:MaxPermSize=128m -Xmx2027m -XX:MaxDirectMemorySize=2147400000 -Dsun.java2d.noddraw=true -Dsun.awt.nopixfmt=true -Xshare:off -Xrs -Dsun.awt.disableMixing=true -Djava.library.path=C:\Program Files\MATLAB_RONNY\MATLAB\R2012b\bin\win64;C:\Program Files\MATLAB_RONNY\MATLAB\R2012b\sys\jxbrowser\win64\lib vfprintf abort 
java_command: <unknown>
Launcher Type: generic

Environment Variables:
CLASSPATH=.;C:\Program Files (x86)\QuickTime\QTSystem\QTJava.zip
PATH=C:\ProgramData\Oracle\Java\javapath;C:\Program Files\Common Files\Microsoft Shared\Windows Live;C:\Program Files (x86)\Common Files\Microsoft Shared\Windows Live;C:\Program Files (x86)\NVIDIA Corporation\PhysX\Common;C:\Program Files (x86)\Intel\iCLS Client\;C:\Program Files\Intel\iCLS Client\;C:\Windows\system32;C:\Windows;C:\Windows\System32\Wbem;C:\Windows\System32\WindowsPowerShell\v1.0\;C:\Program Files\Intel\Intel(R) Management Engine Components\DAL;C:\Program Files\Intel\Intel(R) Management Engine Components\IPT;C:\Program Files (x86)\Intel\Intel(R) Management Engine Components\DAL;C:\Program Files (x86)\Intel\Intel(R) Management Engine Components\IPT;C:\Program Files (x86)\Windows Live\Shared;C:\Program Files (x86)\QuickTime\QTSystem\;C:\Program Files\SlikSvn\bin;C:\Program Files\MATLAB\MATLAB Production Server\R2015a\runtime\win64;C:\Program Files\MATLAB\MATLAB Production Server\R2015a\bin;C:\Program Files\MATLAB\MATLAB Production Server\R2015a\polyspace\bin;C:\Program Files (x86)\Skype\Phone\;C:\Program Files\Java\jdk1.8.0_65\bin;C:\Program Files\MATLAB_RONNY\MATLAB\R2012b\toolbox\imaq\imaqextern\drivers\win64\genicam\GenICam_v2_3\bin\Win64_x64
USERNAME=Like_A
OS=Windows_NT
PROCESSOR_IDENTIFIER=Intel64 Family 6 Model 60 Stepping 3, GenuineIntel



---------------  S Y S T E M  ---------------

OS: Windows 7 Build 7601 Service Pack 1

CPU:total 8 (8 cores per cpu, 2 threads per core) family 6 model 60 stepping 3, cmov, cx8, fxsr, mmx, sse, sse2, sse3, ssse3, sse4.1, sse4.2, ht

Memory: 4k page, physical 8304136k(5846336k free), swap 16606436k(14067692k free)

vm_info: Java HotSpot(TM) 64-Bit Server VM (14.3-b01) for windows-amd64 JRE (1.6.0_17-b04), built on Oct 11 2009 00:46:08 by "java_re" with MS VC++ 8.0

time: Sat Dec 26 19:29:41 2015
elapsed time: 1871 seconds

