#
# A fatal error has been detected by the Java Runtime Environment:
#
#  EXCEPTION_ACCESS_VIOLATION (0xc0000005) at pc=0x0000000078aae9f9, pid=4988, tid=5500
#
# JRE version: 6.0_17-b04
# Java VM: Java HotSpot(TM) 64-Bit Server VM (14.3-b01 mixed mode windows-amd64 )
# Problematic frame:
# V  [jvm.dll+0x23e9f9]
#
# If you would like to submit a bug report, please visit:
#   http://java.sun.com/webapps/bugreport/crash.jsp
#

---------------  T H R E A D  ---------------

Current thread (0x000000005df62800):  JavaThread "AWT-EventQueue-0" [_thread_in_vm, id=5500, stack(0x000000000e2c0000,0x000000000e340000)]

siginfo: ExceptionCode=0xc0000005, reading address 0x0000000000000001

Registers:
EAX=0x0000000000000001, EBX=0x0000000005b55200, ECX=0x0000000005b69c80, EDX=0x000000008b2f9c88
ESP=0x000000000e33ec60, EBP=0x000000008b2f9c88, ESI=0x000000008b2f9c88, EDI=0x0000000005b69c80
EIP=0x0000000078aae9f9, EFLAGS=0x0000000000010202

Top of Stack: (sp=0x000000000e33ec60)
0x000000000e33ec60:   000000008b2f9890 0000000029650514
0x000000000e33ec70:   000000005df62800 0000000078a88418
0x000000000e33ec80:   0000000083198380 0000000078aaeb14
0x000000000e33ec90:   0000000005b55200 000000000e33edc0
0x000000000e33eca0:   000000008b2f9c88 000000005dda9088
0x000000000e33ecb0:   000000005df629b8 0000000078a6f749
0x000000000e33ecc0:   000000000e33ed78 000000000e33ed70
0x000000000e33ecd0:   000000005dda9088 000000005df62800
0x000000000e33ece0:   000000005df62800 0000000000000000
0x000000000e33ecf0:   fffffffffffffffe fffffffffffffffe
0x000000000e33ed00:   0000000000000000 00000000731eba6e
0x000000000e33ed10:   000000005df629b8 00000000881200b8
0x000000000e33ed20:   000000000e33ed78 000000000e33ed70
0x000000000e33ed30:   0000000000000000 000000008b2f99b0
0x000000000e33ed40:   0000000000010571 00000000296425a9
0x000000000e33ed50:   00000000890c2e80 000000008235ae78 

Instructions: (pc=0x0000000078aae9f9)
0x0000000078aae9e9:   c1 89 8a 00 01 00 00 eb 11 48 8b 87 20 01 00 00
0x0000000078aae9f9:   48 8b 08 48 89 8f 20 01 00 00 4c 8b 64 24 20 48 


Stack: [0x000000000e2c0000,0x000000000e340000],  sp=0x000000000e33ec60,  free space=507k
Native frames: (J=compiled Java code, j=interpreted, Vv=VM code, C=native code)
V  [jvm.dll+0x23e9f9]

Java frames: (J=compiled Java code, j=interpreted, Vv=VM code)
J  sun.awt.windows.WComponentPeer.nativeHandleEvent(Ljava/awt/AWTEvent;)V
J  sun.awt.windows.WWindowPeer.handleEvent(Ljava/awt/AWTEvent;)V
J  java.awt.Component.dispatchEventImpl(Ljava/awt/AWTEvent;)V
J  java.awt.Container.dispatchEventImpl(Ljava/awt/AWTEvent;)V
J  java.awt.Window.dispatchEventImpl(Ljava/awt/AWTEvent;)V
J  java.awt.DefaultKeyboardFocusManager.typeAheadAssertions(Ljava/awt/Component;Ljava/awt/AWTEvent;)Z
J  java.awt.DefaultKeyboardFocusManager.dispatchEvent(Ljava/awt/AWTEvent;)Z
J  java.awt.Component.dispatchEventImpl(Ljava/awt/AWTEvent;)V
J  java.awt.Container.dispatchEventImpl(Ljava/awt/AWTEvent;)V
J  java.awt.Window.dispatchEventImpl(Ljava/awt/AWTEvent;)V
J  java.awt.EventQueue.dispatchEvent(Ljava/awt/AWTEvent;)V
J  java.awt.SequencedEvent.dispatch()V
J  java.awt.EventDispatchThread.pumpOneEventForFilters(I)Z
J  java.awt.EventDispatchThread.pumpEventsForFilter(ILjava/awt/Conditional;Ljava/awt/EventFilter;)V
j  java.awt.EventDispatchThread.pumpEventsForHierarchy(ILjava/awt/Conditional;Ljava/awt/Component;)V+11
j  java.awt.EventDispatchThread.pumpEvents(ILjava/awt/Conditional;)V+4
j  java.awt.EventDispatchThread.pumpEvents(Ljava/awt/Conditional;)V+3
j  java.awt.EventDispatchThread.run()V+9
v  ~StubRoutines::call_stub

---------------  P R O C E S S  ---------------

Java Threads: ( => current thread )
  0x0000000068998000 JavaThread "Swing-Shell" daemon [_thread_blocked, id=3416, stack(0x0000000025780000,0x0000000025800000)]
  0x0000000068996000 JavaThread "Code Analyzer updating thread" [_thread_blocked, id=5924, stack(0x0000000066420000,0x00000000664a0000)]
  0x0000000068995800 JavaThread "Code Analyzer updating thread" [_thread_blocked, id=2812, stack(0x00000000621f0000,0x0000000062270000)]
  0x0000000068994800 JavaThread "Active Reference Queue Daemon" daemon [_thread_blocked, id=5516, stack(0x0000000066340000,0x00000000663c0000)]
  0x0000000068994000 JavaThread "Timer-8" daemon [_thread_blocked, id=4768, stack(0x0000000061640000,0x00000000616c0000)]
  0x000000005de96000 JavaThread "Timer-7" daemon [_thread_blocked, id=848, stack(0x0000000061430000,0x00000000614b0000)]
  0x000000005de95800 JavaThread "Explorer NavigationContext request queue" [_thread_blocked, id=5512, stack(0x0000000044a40000,0x0000000044ac0000)]
  0x000000005de93800 JavaThread "AddressBar directory emptiness poller" [_thread_blocked, id=2348, stack(0x000000004cbb0000,0x000000004cc30000)]
  0x000000005de92800 JavaThread "Explorer Refresh Service 153429168" [_thread_blocked, id=2460, stack(0x0000000054d60000,0x0000000054de0000)]
  0x000000005de91000 JavaThread "Timer-1" daemon [_thread_blocked, id=6028, stack(0x000000000fe80000,0x000000000ff00000)]
  0x000000005de90800 JavaThread "TimerQueue" daemon [_thread_blocked, id=1340, stack(0x00000000449a0000,0x0000000044a20000)]
  0x000000005de8f800 JavaThread "Thread-5" daemon [_thread_blocked, id=2428, stack(0x000000003c820000,0x000000003c8a0000)]
  0x000000005de8f000 JavaThread "FelixPackageAdmin" daemon [_thread_blocked, id=3364, stack(0x0000000038620000,0x00000000386a0000)]
  0x000000005e10b000 JavaThread "FelixStartLevel" daemon [_thread_blocked, id=4352, stack(0x000000003c7a0000,0x000000003c820000)]
  0x000000005df5d000 JavaThread "FelixDispatchQueue" daemon [_thread_blocked, id=1452, stack(0x000000000ff80000,0x0000000010000000)]
=>0x000000005df62800 JavaThread "AWT-EventQueue-0" [_thread_in_vm, id=5500, stack(0x000000000e2c0000,0x000000000e340000)]
  0x000000005ddd5000 JavaThread "com.google.common.base.internal.Finalizer" daemon [_thread_blocked, id=172, stack(0x0000000030510000,0x0000000030590000)]
  0x000000005dca2000 JavaThread "AWT-Windows" daemon [_thread_in_native, id=364, stack(0x000000001cf90000,0x000000001d010000)]
  0x000000005dca1000 JavaThread "AWT-Shutdown" [_thread_blocked, id=1216, stack(0x000000001d010000,0x000000001d090000)]
  0x000000005dca0800 JavaThread "Java2D Disposer" daemon [_thread_blocked, id=2220, stack(0x000000000ff00000,0x000000000ff80000)]
  0x000000005d9ce800 JavaThread "Timer-0" [_thread_blocked, id=2688, stack(0x000000000fdd0000,0x000000000fe50000)]
  0x000000005d845800 JavaThread "EventMgr Dispatcher" daemon [_thread_in_native, id=508, stack(0x00000000094f0000,0x000000000d4f0000)]
  0x000000000f70f000 JavaThread "Low Memory Detector" daemon [_thread_blocked, id=3916, stack(0x000000000f750000,0x000000000f7d0000)]
  0x000000000f708800 JavaThread "CompilerThread1" daemon [_thread_blocked, id=3120, stack(0x0000000054e00000,0x0000000058e00000)]
  0x000000000f6bf800 JavaThread "CompilerThread0" daemon [_thread_blocked, id=3036, stack(0x0000000050d50000,0x0000000054d50000)]
  0x000000000f6be800 JavaThread "Attach Listener" daemon [_thread_blocked, id=2228, stack(0x000000000f870000,0x000000000f8f0000)]
  0x000000000f6a2000 JavaThread "Finalizer" daemon [_thread_blocked, id=4588, stack(0x000000000e340000,0x000000000e3c0000)]
  0x000000000f69d800 JavaThread "Reference Handler" daemon [_thread_blocked, id=5532, stack(0x0000000009460000,0x00000000094e0000)]
  0x0000000005c5f800 JavaThread "main" [_thread_in_native, id=1828, stack(0x0000000000160000,0x0000000004160000)]

Other Threads:
  0x000000000f698800 VMThread [stack: 0x000000004cca0000,0x0000000050ca0000] [id=5964]
  0x000000000f73c000 WatcherThread [stack: 0x0000000058f10000,0x000000005cf10000] [id=2032]

VM state:not at safepoint (normal execution)

VM Mutex/Monitor currently owned by a thread:  ([mutex/lock_event])
[0x0000000005b55200] JNIGlobalHandle_lock - owner thread: 0x000000005df62800

Heap
 PSYoungGen      total 283456K, used 118034K [0x00000000e70f0000, 0x0000000106a50000, 0x0000000106bf0000)
  eden space 283008K, 41% used [0x00000000e70f0000,0x00000000ee3f4a60,0x00000000f8550000)
  from space 448K, 57% used [0x0000000106980000,0x00000001069c0000,0x00000001069f0000)
  to   space 384K, 0% used [0x00000001069f0000,0x00000001069f0000,0x0000000106a50000)
 PSOldGen        total 109952K, used 62096K [0x0000000087ff0000, 0x000000008eb50000, 0x00000000e70f0000)
  object space 109952K, 56% used [0x0000000087ff0000,0x000000008bc94278,0x000000008eb50000)
 PSPermGen       total 123840K, used 61859K [0x000000007fff0000, 0x00000000878e0000, 0x0000000087ff0000)
  object space 123840K, 49% used [0x000000007fff0000,0x0000000083c58cb8,0x00000000878e0000)

Dynamic libraries:
0x000000013fb70000 - 0x000000013fb9d000 	C:\Program Files\MATLAB_RONNY\MATLAB\R2012b\bin\win64\MATLAB.exe
0x0000000076da0000 - 0x0000000076f49000 	C:\Windows\SYSTEM32\ntdll.dll
0x0000000076c80000 - 0x0000000076da0000 	C:\Windows\system32\kernel32.dll
0x000007fefcd10000 - 0x000007fefcd7c000 	C:\Windows\system32\KERNELBASE.dll
0x0000000074460000 - 0x000000007451f000 	C:\Program Files\MATLAB_RONNY\MATLAB\R2012b\bin\win64\libut.dll
0x00000000758a0000 - 0x000000007595c000 	C:\Program Files\MATLAB_RONNY\MATLAB\R2012b\bin\win64\libmwi18n.dll
0x0000000180000000 - 0x000000018000b000 	C:\Program Files\MATLAB_RONNY\MATLAB\R2012b\bin\win64\libmwresource_core.dll
0x0000000073cc0000 - 0x0000000073d93000 	C:\Windows\WinSxS\amd64_microsoft.vc90.crt_1fc8b3b9a1e18e3b_9.0.30729.6161_none_08e61857a83bc251\MSVCP90.dll
0x0000000073c10000 - 0x0000000073cb3000 	C:\Windows\WinSxS\amd64_microsoft.vc90.crt_1fc8b3b9a1e18e3b_9.0.30729.6161_none_08e61857a83bc251\MSVCR90.dll
0x000000007a170000 - 0x000000007a19c000 	C:\Program Files\MATLAB_RONNY\MATLAB\R2012b\bin\win64\boost_filesystem-vc90-mt-1_44.dll
0x000000007a560000 - 0x000000007a569000 	C:\Program Files\MATLAB_RONNY\MATLAB\R2012b\bin\win64\boost_system-vc90-mt-1_44.dll
0x000007fefdd80000 - 0x000007fefde5b000 	C:\Windows\system32\ADVAPI32.dll
0x000007fefee30000 - 0x000007fefeecf000 	C:\Windows\system32\msvcrt.dll
0x000007fefe040000 - 0x000007fefe05f000 	C:\Windows\SYSTEM32\sechost.dll
0x000007fefecb0000 - 0x000007fefeddd000 	C:\Windows\system32\RPCRT4.dll
0x000000007a010000 - 0x000000007a035000 	C:\Program Files\MATLAB_RONNY\MATLAB\R2012b\bin\win64\LIBEXPAT.dll
0x00000000726c0000 - 0x00000000728b1000 	C:\Program Files\MATLAB_RONNY\MATLAB\R2012b\bin\win64\icuin44.dll
0x0000000072940000 - 0x0000000072ab1000 	C:\Program Files\MATLAB_RONNY\MATLAB\R2012b\bin\win64\icuuc44.dll
0x0000000010000000 - 0x0000000010e41000 	C:\Program Files\MATLAB_RONNY\MATLAB\R2012b\bin\win64\icudt44.dll
0x0000000073f70000 - 0x000000007411d000 	C:\Program Files\MATLAB_RONNY\MATLAB\R2012b\bin\win64\libmwfl.dll
0x0000000004400000 - 0x00000000047b6000 	C:\Program Files\MATLAB_RONNY\MATLAB\R2012b\bin\win64\libmwMATLAB_res.dll
0x000000007a3b0000 - 0x000000007a3c0000 	C:\Program Files\MATLAB_RONNY\MATLAB\R2012b\bin\win64\boost_date_time-vc90-mt-1_44.dll
0x000000007a250000 - 0x000000007a263000 	C:\Program Files\MATLAB_RONNY\MATLAB\R2012b\bin\win64\boost_signals-vc90-mt-1_44.dll
0x000000007a2d0000 - 0x000000007a2e2000 	C:\Program Files\MATLAB_RONNY\MATLAB\R2012b\bin\win64\boost_thread-vc90-mt-1_44.dll
0x0000000004190000 - 0x000000000424d000 	C:\Program Files\MATLAB_RONNY\MATLAB\R2012b\bin\win64\boost_log-vc90-mt-1_44.dll
0x0000000076f70000 - 0x0000000076f77000 	C:\Windows\system32\PSAPI.DLL
0x000007fefede0000 - 0x000007fefee2d000 	C:\Windows\system32\WS2_32.dll
0x000007feff0a0000 - 0x000007feff0a8000 	C:\Windows\system32\NSI.dll
0x0000000004260000 - 0x00000000042a6000 	C:\Program Files\MATLAB_RONNY\MATLAB\R2012b\bin\win64\tbb.dll
0x000007feff080000 - 0x000007feff099000 	C:\Windows\system32\imagehlp.dll
0x0000000072c60000 - 0x0000000072c73000 	C:\Program Files\MATLAB_RONNY\MATLAB\R2012b\bin\win64\icuio44.dll
0x000007fef63f0000 - 0x000007fef6515000 	C:\Windows\system32\dbghelp.dll
0x0000000076b80000 - 0x0000000076c7a000 	C:\Windows\system32\USER32.dll
0x000007fefeb40000 - 0x000007fefeba7000 	C:\Windows\system32\GDI32.dll
0x000007fefdd70000 - 0x000007fefdd7e000 	C:\Windows\system32\LPK.dll
0x000007fefebe0000 - 0x000007fefecaa000 	C:\Windows\system32\USP10.dll
0x00000000047c0000 - 0x0000000004a9c000 	C:\Program Files\MATLAB_RONNY\MATLAB\R2012b\bin\win64\libmwservices.dll
0x0000000075a20000 - 0x0000000075af3000 	C:\Program Files\MATLAB_RONNY\MATLAB\R2012b\bin\win64\libmx.dll
0x0000000004aa0000 - 0x0000000004ac9000 	C:\Program Files\MATLAB_RONNY\MATLAB\R2012b\bin\win64\tbbmalloc.dll
0x000000007a210000 - 0x000000007a228000 	C:\Program Files\MATLAB_RONNY\MATLAB\R2012b\bin\win64\zlib1.dll
0x0000000004ae0000 - 0x0000000004b2d000 	C:\Program Files\MATLAB_RONNY\MATLAB\R2012b\bin\win64\libmwregexp.dll
0x0000000004b40000 - 0x0000000004b63000 	C:\Program Files\MATLAB_RONNY\MATLAB\R2012b\bin\win64\libmwmfl_scalar.dll
0x0000000075f10000 - 0x0000000075f60000 	C:\Program Files\MATLAB_RONNY\MATLAB\R2012b\bin\win64\mpath.dll
0x000000007b680000 - 0x000000007bc9a000 	C:\Program Files\MATLAB_RONNY\MATLAB\R2012b\bin\win64\mlutil.dll
0x00000000754d0000 - 0x0000000075551000 	C:\Program Files\MATLAB_RONNY\MATLAB\R2012b\bin\win64\xmlcore.dll
0x0000000004bb0000 - 0x0000000004e03000 	C:\Program Files\MATLAB_RONNY\MATLAB\R2012b\bin\win64\xerces-c_2_7.dll
0x0000000004e20000 - 0x0000000004e40000 	C:\Program Files\MATLAB_RONNY\MATLAB\R2012b\bin\win64\libmwMATLAB_settings_res.dll
0x0000000004e50000 - 0x0000000004e60000 	C:\Program Files\MATLAB_RONNY\MATLAB\R2012b\bin\win64\boost_iostreams-vc90-mt-1_44.dll
0x0000000004e70000 - 0x0000000004eb7000 	C:\Program Files\MATLAB_RONNY\MATLAB\R2012b\bin\win64\boost_serialization-vc90-mt-1_44.dll
0x000007fefcfe0000 - 0x000007fefdd69000 	C:\Windows\system32\SHELL32.dll
0x000007fefe580000 - 0x000007fefe5f1000 	C:\Windows\system32\SHLWAPI.dll
0x000007fef6cb0000 - 0x000007fef6d50000 	C:\Windows\WinSxS\amd64_microsoft.windows.common-controls_6595b64144ccf1df_5.82.7601.18837_none_a4d981ff711297b6\COMCTL32.dll
0x000007fefefe0000 - 0x000007feff077000 	C:\Windows\system32\COMDLG32.dll
0x000007fefafb0000 - 0x000007fefafc6000 	C:\Windows\system32\NETAPI32.dll
0x000007fefafa0000 - 0x000007fefafac000 	C:\Windows\system32\netutils.dll
0x000007fefc620000 - 0x000007fefc643000 	C:\Windows\system32\srvcli.dll
0x000007fefaf80000 - 0x000007fefaf95000 	C:\Windows\system32\wkscli.dll
0x000007fefe100000 - 0x000007fefe303000 	C:\Windows\system32\ole32.dll
0x000007fefe8d0000 - 0x000007fefe9a7000 	C:\Windows\system32\OLEAUT32.dll
0x0000000074970000 - 0x0000000074a31000 	C:\Program Files\MATLAB_RONNY\MATLAB\R2012b\bin\win64\mcr.dll
0x0000000075000000 - 0x00000000753e9000 	C:\Program Files\MATLAB_RONNY\MATLAB\R2012b\bin\win64\iqm.dll
0x0000000074e80000 - 0x0000000074f38000 	C:\Program Files\MATLAB_RONNY\MATLAB\R2012b\bin\win64\m_dispatcher.dll
0x0000000074880000 - 0x000000007496d000 	C:\Program Files\MATLAB_RONNY\MATLAB\R2012b\bin\win64\boost_regex-vc90-mt-1_44.dll
0x000007feebfc0000 - 0x000007feec831000 	C:\Program Files\MATLAB_RONNY\MATLAB\R2012b\bin\win64\m_interpreter.dll
0x0000000072910000 - 0x0000000072937000 	C:\Program Files\MATLAB_RONNY\MATLAB\R2012b\bin\win64\libmex.dll
0x0000000072630000 - 0x00000000726b4000 	C:\Program Files\MATLAB_RONNY\MATLAB\R2012b\bin\win64\profiler.dll
0x0000000004f40000 - 0x00000000051aa000 	C:\Program Files\MATLAB_RONNY\MATLAB\R2012b\bin\win64\libmwmathutil.dll
0x0000000079f40000 - 0x0000000079f6e000 	C:\Program Files\MATLAB_RONNY\MATLAB\R2012b\bin\win64\libmwmathrng.dll
0x00000000051d0000 - 0x00000000051e2000 	C:\Program Files\MATLAB_RONNY\MATLAB\R2012b\bin\win64\libmwmfl_rng.dll
0x0000000074c10000 - 0x0000000074cee000 	C:\Program Files\MATLAB_RONNY\MATLAB\R2012b\bin\win64\libmwmathcore.dll
0x0000000076160000 - 0x00000000761ca000 	C:\Program Files\MATLAB_RONNY\MATLAB\R2012b\bin\win64\libmwspmatrix.dll
0x0000000075ea0000 - 0x0000000075f02000 	C:\Program Files\MATLAB_RONNY\MATLAB\R2012b\bin\win64\libmwcholmod.dll
0x000000007a460000 - 0x000000007a46d000 	C:\Program Files\MATLAB_RONNY\MATLAB\R2012b\bin\win64\libmwamd.dll
0x000000007a4b0000 - 0x000000007a4bc000 	C:\Program Files\MATLAB_RONNY\MATLAB\R2012b\bin\win64\libmwcolamd.dll
0x000000007a290000 - 0x000000007a2a9000 	C:\Program Files\MATLAB_RONNY\MATLAB\R2012b\bin\win64\libmwblas.dll
0x000000007a310000 - 0x000000007a321000 	C:\Program Files\MATLAB_RONNY\MATLAB\R2012b\bin\win64\libmwbinder.dll
0x000000007a4d0000 - 0x000000007a4dc000 	C:\Program Files\MATLAB_RONNY\MATLAB\R2012b\bin\win64\libmwompwrapper.dll
0x0000000005280000 - 0x0000000005305000 	C:\Program Files\MATLAB_RONNY\MATLAB\R2012b\bin\win64\libmwlapack.dll
0x00000000728e0000 - 0x0000000072901000 	C:\Program Files\MATLAB_RONNY\MATLAB\R2012b\bin\win64\m_pcodeio.dll
0x0000000079b10000 - 0x0000000079b77000 	C:\Program Files\MATLAB_RONNY\MATLAB\R2012b\bin\win64\m_ir.dll
0x0000000068ef0000 - 0x0000000069560000 	C:\Program Files\MATLAB_RONNY\MATLAB\R2012b\bin\win64\m_parser.dll
0x0000000072c80000 - 0x0000000072c9a000 	C:\Program Files\MATLAB_RONNY\MATLAB\R2012b\bin\win64\ir_xfmr.dll
0x000007feece20000 - 0x000007feed0b6000 	C:\Program Files\MATLAB_RONNY\MATLAB\R2012b\bin\win64\mcos.dll
0x00000000728c0000 - 0x00000000728d1000 	C:\Program Files\MATLAB_RONNY\MATLAB\R2012b\bin\win64\mtok.dll
0x00000000725f0000 - 0x0000000072621000 	C:\Program Files\MATLAB_RONNY\MATLAB\R2012b\bin\win64\m_pcodegen.dll
0x0000000079fb0000 - 0x0000000079fe6000 	C:\Program Files\MATLAB_RONNY\MATLAB\R2012b\bin\win64\libmwbridge.dll
0x0000000072520000 - 0x00000000725e8000 	C:\Program Files\MATLAB_RONNY\MATLAB\R2012b\bin\win64\udd.dll
0x00000000723c0000 - 0x0000000072512000 	C:\Program Files\MATLAB_RONNY\MATLAB\R2012b\bin\win64\libmwgui.dll
0x00000000723a0000 - 0x00000000723b7000 	C:\Program Files\MATLAB_RONNY\MATLAB\R2012b\bin\win64\graphics_util.dll
0x0000000061730000 - 0x000000006218f000 	C:\Program Files\MATLAB_RONNY\MATLAB\R2012b\bin\win64\hg.dll
0x00000000053e0000 - 0x0000000005448000 	C:\Program Files\MATLAB_RONNY\MATLAB\R2012b\bin\win64\libmat.dll
0x0000000072d30000 - 0x0000000072f44000 	C:\Program Files\MATLAB_RONNY\MATLAB\R2012b\bin\win64\hdf5dll.dll
0x0000000075710000 - 0x00000000757de000 	C:\Program Files\MATLAB_RONNY\MATLAB\R2012b\bin\win64\jmi.dll
0x0000000005480000 - 0x000000000548d000 	C:\Program Files\MATLAB_RONNY\MATLAB\R2012b\bin\win64\nativejava_services.dll
0x0000000072350000 - 0x0000000072396000 	C:\Program Files\MATLAB_RONNY\MATLAB\R2012b\bin\win64\libmwhardcopy.dll
0x00000000722e0000 - 0x0000000072343000 	C:\Program Files\MATLAB_RONNY\MATLAB\R2012b\bin\win64\libuij.dll
0x0000000069960000 - 0x0000000069bc4000 	C:\Program Files\MATLAB_RONNY\MATLAB\R2012b\bin\win64\hgdatatypes.dll
0x0000000069840000 - 0x000000006995f000 	C:\Program Files\MATLAB_RONNY\MATLAB\R2012b\bin\win64\hgutils.dll
0x0000000072220000 - 0x00000000722e0000 	C:\Program Files\MATLAB_RONNY\MATLAB\R2012b\bin\win64\udd_mi.dll
0x00000000054f0000 - 0x000000000552b000 	C:\Program Files\MATLAB_RONNY\MATLAB\R2012b\bin\win64\libmwgbtutils.dll
0x0000000005540000 - 0x000000000555b000 	C:\Program Files\MATLAB_RONNY\MATLAB\R2012b\bin\win64\libmwgbt.dll
0x0000000005570000 - 0x0000000005841000 	C:\Program Files\MATLAB_RONNY\MATLAB\R2012b\bin\win64\uiw.dll
0x0000000072c50000 - 0x0000000072c5f000 	C:\Program Files\MATLAB_RONNY\MATLAB\R2012b\bin\win64\uinone.dll
0x0000000005870000 - 0x0000000005899000 	C:\Program Files\MATLAB_RONNY\MATLAB\R2012b\bin\win64\libmwnativefiledialogs.dll
0x00000000058b0000 - 0x00000000058b8000 	C:\Program Files\MATLAB_RONNY\MATLAB\R2012b\bin\win64\libmwplatform_res.dll
0x000007fef62e0000 - 0x000007fef62f8000 	C:\Windows\system32\MPR.dll
0x00000000667e0000 - 0x0000000066cc4000 	C:\Windows\WinSxS\amd64_microsoft.vc90.mfc_1fc8b3b9a1e18e3b_9.0.30729.6161_none_044aad0bab1eb146\mfc90.dll
0x000007fef82f0000 - 0x000007fef82f7000 	C:\Windows\system32\MSIMG32.dll
0x000007fef7a20000 - 0x000007fef7a91000 	C:\Windows\system32\WINSPOOL.DRV
0x00000000721f0000 - 0x0000000072212000 	C:\Program Files\MATLAB_RONNY\MATLAB\R2012b\bin\win64\mwoles05.DLL
0x0000000070850000 - 0x00000000708cd000 	C:\Program Files\MATLAB_RONNY\MATLAB\R2012b\bin\win64\comcli.dll
0x0000000073da0000 - 0x0000000073dcf000 	C:\Windows\WinSxS\amd64_microsoft.vc90.atl_1fc8b3b9a1e18e3b_9.0.30729.6161_none_0a1fd3a3a768b895\ATL90.DLL
0x0000000072cb0000 - 0x0000000072cbc000 	C:\Program Files\MATLAB_RONNY\MATLAB\R2012b\bin\win64\mlautoregister.dll
0x000007fefebb0000 - 0x000007fefebde000 	C:\Windows\system32\IMM32.DLL
0x000007fefeed0000 - 0x000007fefefd9000 	C:\Windows\system32\MSCTF.dll
0x000007fef8ac0000 - 0x000007fef8b16000 	C:\Windows\system32\UxTheme.dll
0x000007fef86e0000 - 0x000007fef86f8000 	C:\Windows\system32\dwmapi.dll
0x0000000071a20000 - 0x0000000071a2d000 	C:\Windows\WinSxS\amd64_microsoft.vc90.mfcloc_1fc8b3b9a1e18e3b_9.0.30729.6161_none_01c9581e60cbee58\MFC90ENU.DLL
0x0000000078870000 - 0x0000000078ecd000 	C:\Program Files\MATLAB_RONNY\MATLAB\R2012b\sys\java\jre\win64\jre\bin\server\jvm.dll
0x000007fef71c0000 - 0x000007fef71fb000 	C:\Windows\system32\WINMM.dll
0x000007fefcb50000 - 0x000007fefcb5f000 	C:\Windows\system32\profapi.dll
0x000007fefb490000 - 0x000007fefb4a5000 	C:\Windows\system32\NLAapi.dll
0x000007fef7130000 - 0x000007fef7145000 	C:\Windows\system32\napinsp.dll
0x000007fef7110000 - 0x000007fef7129000 	C:\Windows\system32\pnrpnsp.dll
0x000007fefc320000 - 0x000007fefc375000 	C:\Windows\System32\mswsock.dll
0x000007fefc1a0000 - 0x000007fefc1fb000 	C:\Windows\system32\DNSAPI.dll
0x000007fef7100000 - 0x000007fef710b000 	C:\Windows\System32\winrnr.dll
0x000007fef70f0000 - 0x000007fef7100000 	C:\Windows\system32\wshbth.dll

VM Arguments:
jvm_args: -Xss512k -XX:PermSize=32m -Xms64m -XX:NewRatio=3 -XX:MaxPermSize=128m -Xmx2027m -XX:MaxDirectMemorySize=2147400000 -Dsun.java2d.noddraw=true -Dsun.awt.nopixfmt=true -Xshare:off -Xrs -Dsun.awt.disableMixing=true -Djava.library.path=C:\Program Files\MATLAB_RONNY\MATLAB\R2012b\bin\win64;C:\Program Files\MATLAB_RONNY\MATLAB\R2012b\sys\jxbrowser\win64\lib vfprintf abort 
java_command: <unknown>
Launcher Type: generic

Environment Variables:
CLASSPATH=.;C:\Program Files (x86)\QuickTime\QTSystem\QTJava.zip
PATH=C:\ProgramData\Oracle\Java\javapath;C:\Program Files\Common Files\Microsoft Shared\Windows Live;C:\Program Files (x86)\Common Files\Microsoft Shared\Windows Live;C:\Program Files (x86)\NVIDIA Corporation\PhysX\Common;C:\Program Files (x86)\Intel\iCLS Client\;C:\Program Files\Intel\iCLS Client\;C:\Windows\system32;C:\Windows;C:\Windows\System32\Wbem;C:\Windows\System32\WindowsPowerShell\v1.0\;C:\Program Files\Intel\Intel(R) Management Engine Components\DAL;C:\Program Files\Intel\Intel(R) Management Engine Components\IPT;C:\Program Files (x86)\Intel\Intel(R) Management Engine Components\DAL;C:\Program Files (x86)\Intel\Intel(R) Management Engine Components\IPT;C:\Program Files (x86)\Windows Live\Shared;C:\Program Files (x86)\QuickTime\QTSystem\;C:\Program Files\SlikSvn\bin;C:\Program Files\MATLAB\MATLAB Production Server\R2015a\runtime\win64;C:\Program Files\MATLAB\MATLAB Production Server\R2015a\bin;C:\Program Files\MATLAB\MATLAB Production Server\R2015a\polyspace\bin;C:\Program Files (x86)\Skype\Phone\;C:\Program Files\Java\jdk1.8.0_65\bin;C:\Program Files\MATLAB_RONNY\MATLAB\R2012b\toolbox\imaq\imaqextern\drivers\win64\genicam\GenICam_v2_3\bin\Win64_x64
USERNAME=Like_A
OS=Windows_NT
PROCESSOR_IDENTIFIER=Intel64 Family 6 Model 60 Stepping 3, GenuineIntel



---------------  S Y S T E M  ---------------

OS: Windows 7 Build 7601 Service Pack 1

CPU:total 8 (8 cores per cpu, 2 threads per core) family 6 model 60 stepping 3, cmov, cx8, fxsr, mmx, sse, sse2, sse3, ssse3, sse4.1, sse4.2, ht

Memory: 4k page, physical 8304136k(5332280k free), swap 16606436k(13422936k free)

vm_info: Java HotSpot(TM) 64-Bit Server VM (14.3-b01) for windows-amd64 JRE (1.6.0_17-b04), built on Oct 11 2009 00:46:08 by "java_re" with MS VC++ 8.0

time: Sat Dec 26 21:37:38 2015
elapsed time: 7642 seconds

