#
# A fatal error has been detected by the Java Runtime Environment:
#
#  EXCEPTION_ACCESS_VIOLATION (0xc0000005) at pc=0x0000000078aae9f9, pid=3084, tid=1192
#
# JRE version: 6.0_17-b04
# Java VM: Java HotSpot(TM) 64-Bit Server VM (14.3-b01 mixed mode windows-amd64 )
# Problematic frame:
# V  [jvm.dll+0x23e9f9]
#
# If you would like to submit a bug report, please visit:
#   http://java.sun.com/webapps/bugreport/crash.jsp
#

---------------  T H R E A D  ---------------

Current thread (0x000000005e505800):  JavaThread "AWT-EventQueue-0" [_thread_in_vm, id=1192, stack(0x000000000feb0000,0x000000000ff30000)]

siginfo: ExceptionCode=0xc0000005, reading address 0x0000000000000001

Registers:
EAX=0x0000000000000001, EBX=0x0000000005f45200, ECX=0x0000000005fcf530, EDX=0x000000008b6b1128
ESP=0x000000000ff2ea80, EBP=0x000000008b6b1128, ESI=0x000000008b6b1128, EDI=0x0000000005fcf530
EIP=0x0000000078aae9f9, EFLAGS=0x0000000000010202

Top of Stack: (sp=0x000000000ff2ea80)
0x000000000ff2ea80:   00000000592a0228 000000000ff2ebb8
0x000000000ff2ea90:   0000000000000000 0000000080090ec8
0x000000000ff2eaa0:   0000000070bcc9a0 0000000078aaeb14
0x000000000ff2eab0:   0000000005f45200 000000000fcfa3a0
0x000000000ff2eac0:   000000008b6b1128 000000005d7e05b8
0x000000000ff2ead0:   0000000000000002 0000000078a6f749
0x000000000ff2eae0:   0000000000000004 00000000777e7971
0x000000000ff2eaf0:   000000005d7e05b8 000000005e505800
0x000000000ff2eb00:   000000005e505800 0000000000000000
0x000000000ff2eb10:   0000000006b8dad0 000000007690fbe0
0x000000000ff2eb20:   000000008836f9f8 000000005d4f310f
0x000000000ff2eb30:   000000007690fc10 0000000080090ec8
0x000000000ff2eb40:   000000007690fbe0 000000005e5059b8
0x000000000ff2eb50:   000000005d5cfb00 00000151d602c857
0x000000000ff2eb60:   000000005d5cf990 000000005e505800
0x000000000ff2eb70:   000000000ff2ec78 0000000000000000 

Instructions: (pc=0x0000000078aae9f9)
0x0000000078aae9e9:   c1 89 8a 00 01 00 00 eb 11 48 8b 87 20 01 00 00
0x0000000078aae9f9:   48 8b 08 48 89 8f 20 01 00 00 4c 8b 64 24 20 48 


Stack: [0x000000000feb0000,0x000000000ff30000],  sp=0x000000000ff2ea80,  free space=506k
Native frames: (J=compiled Java code, j=interpreted, Vv=VM code, C=native code)
V  [jvm.dll+0x23e9f9]

Java frames: (J=compiled Java code, j=interpreted, Vv=VM code)
J  sun.awt.windows.WComponentPeer._requestFocus(Ljava/awt/Component;ZZJLsun/awt/CausedFocusEvent$Cause;)Z
J  java.awt.Component.requestFocusHelper(ZZLsun/awt/CausedFocusEvent$Cause;)Z
J  java.awt.DefaultKeyboardFocusManager.dispatchEvent(Ljava/awt/AWTEvent;)Z
J  java.awt.Component.dispatchEventImpl(Ljava/awt/AWTEvent;)V
J  java.awt.Container.dispatchEventImpl(Ljava/awt/AWTEvent;)V
J  java.awt.Window.dispatchEventImpl(Ljava/awt/AWTEvent;)V
J  java.awt.EventQueue.dispatchEvent(Ljava/awt/AWTEvent;)V
J  java.awt.SequencedEvent.dispatch()V
J  java.awt.EventQueue.dispatchEvent(Ljava/awt/AWTEvent;)V
J  java.awt.EventDispatchThread.pumpEventsForFilter(ILjava/awt/Conditional;Ljava/awt/EventFilter;)V
j  java.awt.EventDispatchThread.pumpEventsForHierarchy(ILjava/awt/Conditional;Ljava/awt/Component;)V+11
j  java.awt.EventDispatchThread.pumpEvents(ILjava/awt/Conditional;)V+4
j  java.awt.EventDispatchThread.pumpEvents(Ljava/awt/Conditional;)V+3
j  java.awt.EventDispatchThread.run()V+9
v  ~StubRoutines::call_stub

---------------  P R O C E S S  ---------------

Java Threads: ( => current thread )
  0x000000006a53b000 JavaThread "Swing-Shell" daemon [_thread_blocked, id=1248, stack(0x000000000e800000,0x000000000e880000)]
  0x000000006a539000 JavaThread "Code Analyzer updating thread" [_thread_blocked, id=5924, stack(0x00000000190b0000,0x0000000019130000)]
  0x000000006a538800 JavaThread "Code Analyzer updating thread" [_thread_blocked, id=5820, stack(0x0000000044ac0000,0x0000000044b40000)]
  0x000000006a537800 JavaThread "Code Analyzer updating thread" [_thread_blocked, id=5908, stack(0x00000000717c0000,0x0000000071840000)]
  0x000000006a537000 JavaThread "Active Reference Queue Daemon" daemon [_thread_blocked, id=6048, stack(0x00000000716d0000,0x0000000071750000)]
  0x000000006a536000 JavaThread "Timer-7" daemon [_thread_blocked, id=1564, stack(0x000000006ca20000,0x000000006caa0000)]
  0x000000005e4cc800 JavaThread "Timer-6" daemon [_thread_blocked, id=2488, stack(0x000000006dcb0000,0x000000006dd30000)]
  0x000000005e4cc000 JavaThread "Explorer NavigationContext request queue" [_thread_blocked, id=4736, stack(0x0000000048c50000,0x0000000048cd0000)]
  0x000000005e4ca000 JavaThread "AddressBar directory emptiness poller" [_thread_blocked, id=4988, stack(0x000000006db30000,0x000000006dbb0000)]
  0x000000005e4c9000 JavaThread "Explorer Refresh Service 1025601370" [_thread_blocked, id=6092, stack(0x000000003c7c0000,0x000000003c840000)]
  0x000000005e4c7800 JavaThread "Timer-1" daemon [_thread_blocked, id=6100, stack(0x0000000048bb0000,0x0000000048c30000)]
  0x000000005e4c7000 JavaThread "TimerQueue" daemon [_thread_blocked, id=3232, stack(0x0000000040910000,0x0000000040990000)]
  0x000000005e4c6000 JavaThread "Thread-5" daemon [_thread_blocked, id=2368, stack(0x000000003c860000,0x000000003c8e0000)]
  0x000000005e4c5800 JavaThread "FelixPackageAdmin" daemon [_thread_blocked, id=3164, stack(0x0000000014fd0000,0x0000000015050000)]
  0x000000005e84e000 JavaThread "FelixStartLevel" daemon [_thread_blocked, id=1296, stack(0x0000000008910000,0x0000000008990000)]
  0x000000005e759000 JavaThread "FelixDispatchQueue" daemon [_thread_blocked, id=5828, stack(0x000000003c740000,0x000000003c7c0000)]
=>0x000000005e505800 JavaThread "AWT-EventQueue-0" [_thread_in_vm, id=1192, stack(0x000000000feb0000,0x000000000ff30000)]
  0x000000005e498000 JavaThread "com.google.common.base.internal.Finalizer" daemon [_thread_blocked, id=4816, stack(0x0000000025350000,0x00000000253d0000)]
  0x000000005e432000 JavaThread "AWT-Windows" daemon [_thread_in_native, id=4580, stack(0x0000000019130000,0x00000000191b0000)]
  0x000000005934e000 JavaThread "AWT-Shutdown" [_thread_blocked, id=5072, stack(0x0000000014f50000,0x0000000014fd0000)]
  0x000000005934d000 JavaThread "Java2D Disposer" daemon [_thread_blocked, id=6136, stack(0x0000000010e60000,0x0000000010ee0000)]
  0x000000005e085800 JavaThread "Timer-0" [_thread_blocked, id=3532, stack(0x0000000009540000,0x00000000095c0000)]
  0x000000005dfd3800 JavaThread "EventMgr Dispatcher" daemon [_thread_in_native, id=3804, stack(0x00000000099f0000,0x000000000d9f0000)]
  0x000000000fcfc800 JavaThread "Low Memory Detector" daemon [_thread_blocked, id=468, stack(0x000000000ff30000,0x000000000ffb0000)]
  0x000000000fcf6000 JavaThread "CompilerThread1" daemon [_thread_blocked, id=3892, stack(0x0000000054f50000,0x0000000058f50000)]
  0x000000000fcad000 JavaThread "CompilerThread0" daemon [_thread_blocked, id=5336, stack(0x0000000050dc0000,0x0000000054dc0000)]
  0x000000000fcac000 JavaThread "Attach Listener" daemon [_thread_blocked, id=1948, stack(0x000000000fdf0000,0x000000000fe70000)]
  0x000000000fc93800 JavaThread "Finalizer" daemon [_thread_blocked, id=5300, stack(0x00000000096d0000,0x0000000009750000)]
  0x000000000fc8a800 JavaThread "Reference Handler" daemon [_thread_blocked, id=352, stack(0x00000000095d0000,0x0000000009650000)]
  0x00000000060bf800 JavaThread "main" [_thread_blocked, id=5788, stack(0x0000000000060000,0x0000000004060000)]

Other Threads:
  0x000000000fc85800 VMThread [stack: 0x000000004ccf0000,0x0000000050cf0000] [id=2328]
  0x0000000058f58800 WatcherThread [stack: 0x0000000059460000,0x000000005d460000] [id=176]

VM state:not at safepoint (normal execution)

VM Mutex/Monitor currently owned by a thread:  ([mutex/lock_event])
[0x0000000005f45200] JNIGlobalHandle_lock - owner thread: 0x000000005e505800

Heap
 PSYoungGen      total 188160K, used 66216K [0x00000000e70f0000, 0x00000000f2a90000, 0x0000000106bf0000)
  eden space 187968K, 35% used [0x00000000e70f0000,0x00000000eb16a038,0x00000000f2880000)
  from space 192K, 100% used [0x00000000f2a60000,0x00000000f2a90000,0x00000000f2a90000)
  to   space 384K, 0% used [0x00000000f29d0000,0x00000000f29d0000,0x00000000f2a30000)
 PSOldGen        total 113280K, used 59635K [0x0000000087ff0000, 0x000000008ee90000, 0x00000000e70f0000)
  object space 113280K, 52% used [0x0000000087ff0000,0x000000008ba2cfb8,0x000000008ee90000)
 PSPermGen       total 122880K, used 61847K [0x000000007fff0000, 0x00000000877f0000, 0x0000000087ff0000)
  object space 122880K, 50% used [0x000000007fff0000,0x0000000083c55d38,0x00000000877f0000)

Dynamic libraries:
0x000000013f170000 - 0x000000013f19d000 	C:\Program Files\MATLAB_RONNY\MATLAB\R2012b\bin\win64\MATLAB.exe
0x00000000779f0000 - 0x0000000077b99000 	C:\Windows\SYSTEM32\ntdll.dll
0x00000000778d0000 - 0x00000000779f0000 	C:\Windows\system32\kernel32.dll
0x000007fefd800000 - 0x000007fefd86c000 	C:\Windows\system32\KERNELBASE.dll
0x0000000074460000 - 0x000000007451f000 	C:\Program Files\MATLAB_RONNY\MATLAB\R2012b\bin\win64\libut.dll
0x00000000758a0000 - 0x000000007595c000 	C:\Program Files\MATLAB_RONNY\MATLAB\R2012b\bin\win64\libmwi18n.dll
0x0000000180000000 - 0x000000018000b000 	C:\Program Files\MATLAB_RONNY\MATLAB\R2012b\bin\win64\libmwresource_core.dll
0x0000000074910000 - 0x00000000749e3000 	C:\Windows\WinSxS\amd64_microsoft.vc90.crt_1fc8b3b9a1e18e3b_9.0.30729.6161_none_08e61857a83bc251\MSVCP90.dll
0x0000000074860000 - 0x0000000074903000 	C:\Windows\WinSxS\amd64_microsoft.vc90.crt_1fc8b3b9a1e18e3b_9.0.30729.6161_none_08e61857a83bc251\MSVCR90.dll
0x000000007a170000 - 0x000000007a19c000 	C:\Program Files\MATLAB_RONNY\MATLAB\R2012b\bin\win64\boost_filesystem-vc90-mt-1_44.dll
0x000000007a560000 - 0x000000007a569000 	C:\Program Files\MATLAB_RONNY\MATLAB\R2012b\bin\win64\boost_system-vc90-mt-1_44.dll
0x000007feff9c0000 - 0x000007feffa9b000 	C:\Windows\system32\ADVAPI32.dll
0x000007fefeae0000 - 0x000007fefeb7f000 	C:\Windows\system32\msvcrt.dll
0x000007fefee50000 - 0x000007fefee6f000 	C:\Windows\SYSTEM32\sechost.dll
0x000007fefdc20000 - 0x000007fefdd4d000 	C:\Windows\system32\RPCRT4.dll
0x000000007a010000 - 0x000000007a035000 	C:\Program Files\MATLAB_RONNY\MATLAB\R2012b\bin\win64\LIBEXPAT.dll
0x0000000072cb0000 - 0x0000000072ea1000 	C:\Program Files\MATLAB_RONNY\MATLAB\R2012b\bin\win64\icuin44.dll
0x0000000072f30000 - 0x00000000730a1000 	C:\Program Files\MATLAB_RONNY\MATLAB\R2012b\bin\win64\icuuc44.dll
0x0000000010000000 - 0x0000000010e41000 	C:\Program Files\MATLAB_RONNY\MATLAB\R2012b\bin\win64\icudt44.dll
0x0000000073f70000 - 0x000000007411d000 	C:\Program Files\MATLAB_RONNY\MATLAB\R2012b\bin\win64\libmwfl.dll
0x0000000004250000 - 0x0000000004606000 	C:\Program Files\MATLAB_RONNY\MATLAB\R2012b\bin\win64\libmwMATLAB_res.dll
0x000000007a3b0000 - 0x000000007a3c0000 	C:\Program Files\MATLAB_RONNY\MATLAB\R2012b\bin\win64\boost_date_time-vc90-mt-1_44.dll
0x000000007a250000 - 0x000000007a263000 	C:\Program Files\MATLAB_RONNY\MATLAB\R2012b\bin\win64\boost_signals-vc90-mt-1_44.dll
0x000000007a2d0000 - 0x000000007a2e2000 	C:\Program Files\MATLAB_RONNY\MATLAB\R2012b\bin\win64\boost_thread-vc90-mt-1_44.dll
0x0000000004650000 - 0x000000000470d000 	C:\Program Files\MATLAB_RONNY\MATLAB\R2012b\bin\win64\boost_log-vc90-mt-1_44.dll
0x0000000077bb0000 - 0x0000000077bb7000 	C:\Windows\system32\PSAPI.DLL
0x000007feffcb0000 - 0x000007feffcfd000 	C:\Windows\system32\WS2_32.dll
0x000007fefee40000 - 0x000007fefee48000 	C:\Windows\system32\NSI.dll
0x0000000004720000 - 0x0000000004766000 	C:\Program Files\MATLAB_RONNY\MATLAB\R2012b\bin\win64\tbb.dll
0x000007fefebb0000 - 0x000007fefebc9000 	C:\Windows\system32\imagehlp.dll
0x0000000072f10000 - 0x0000000072f23000 	C:\Program Files\MATLAB_RONNY\MATLAB\R2012b\bin\win64\icuio44.dll
0x000007fef5250000 - 0x000007fef5375000 	C:\Windows\system32\dbghelp.dll
0x00000000777d0000 - 0x00000000778ca000 	C:\Windows\system32\USER32.dll
0x000007fefef80000 - 0x000007fefefe7000 	C:\Windows\system32\GDI32.dll
0x000007fefed90000 - 0x000007fefed9e000 	C:\Windows\system32\LPK.dll
0x000007fefdb50000 - 0x000007fefdc1a000 	C:\Windows\system32\USP10.dll
0x0000000004790000 - 0x0000000004a6c000 	C:\Program Files\MATLAB_RONNY\MATLAB\R2012b\bin\win64\libmwservices.dll
0x0000000075a20000 - 0x0000000075af3000 	C:\Program Files\MATLAB_RONNY\MATLAB\R2012b\bin\win64\libmx.dll
0x0000000004a90000 - 0x0000000004ab9000 	C:\Program Files\MATLAB_RONNY\MATLAB\R2012b\bin\win64\tbbmalloc.dll
0x000000007a210000 - 0x000000007a228000 	C:\Program Files\MATLAB_RONNY\MATLAB\R2012b\bin\win64\zlib1.dll
0x0000000004ae0000 - 0x0000000004b2d000 	C:\Program Files\MATLAB_RONNY\MATLAB\R2012b\bin\win64\libmwregexp.dll
0x0000000004b40000 - 0x0000000004b63000 	C:\Program Files\MATLAB_RONNY\MATLAB\R2012b\bin\win64\libmwmfl_scalar.dll
0x0000000075f10000 - 0x0000000075f60000 	C:\Program Files\MATLAB_RONNY\MATLAB\R2012b\bin\win64\mpath.dll
0x000000007b680000 - 0x000000007bc9a000 	C:\Program Files\MATLAB_RONNY\MATLAB\R2012b\bin\win64\mlutil.dll
0x00000000754d0000 - 0x0000000075551000 	C:\Program Files\MATLAB_RONNY\MATLAB\R2012b\bin\win64\xmlcore.dll
0x0000000004bb0000 - 0x0000000004e03000 	C:\Program Files\MATLAB_RONNY\MATLAB\R2012b\bin\win64\xerces-c_2_7.dll
0x0000000004e20000 - 0x0000000004e40000 	C:\Program Files\MATLAB_RONNY\MATLAB\R2012b\bin\win64\libmwMATLAB_settings_res.dll
0x0000000004e50000 - 0x0000000004e60000 	C:\Program Files\MATLAB_RONNY\MATLAB\R2012b\bin\win64\boost_iostreams-vc90-mt-1_44.dll
0x0000000004e70000 - 0x0000000004eb7000 	C:\Program Files\MATLAB_RONNY\MATLAB\R2012b\bin\win64\boost_serialization-vc90-mt-1_44.dll
0x000007fefdd50000 - 0x000007fefead9000 	C:\Windows\system32\SHELL32.dll
0x000007fefebd0000 - 0x000007fefec41000 	C:\Windows\system32\SHLWAPI.dll
0x000007fef82e0000 - 0x000007fef8380000 	C:\Windows\WinSxS\amd64_microsoft.windows.common-controls_6595b64144ccf1df_5.82.7601.18837_none_a4d981ff711297b6\COMCTL32.dll
0x000007feff790000 - 0x000007feff827000 	C:\Windows\system32\COMDLG32.dll
0x000007fefb290000 - 0x000007fefb2a6000 	C:\Windows\system32\NETAPI32.dll
0x000007fefb280000 - 0x000007fefb28c000 	C:\Windows\system32\netutils.dll
0x000007fefd270000 - 0x000007fefd293000 	C:\Windows\system32\srvcli.dll
0x000007fefb260000 - 0x000007fefb275000 	C:\Windows\system32\wkscli.dll
0x000007feffaa0000 - 0x000007feffca3000 	C:\Windows\system32\ole32.dll
0x000007fefec50000 - 0x000007fefed27000 	C:\Windows\system32\OLEAUT32.dll
0x0000000004ed0000 - 0x0000000004f91000 	C:\Program Files\MATLAB_RONNY\MATLAB\R2012b\bin\win64\mcr.dll
0x0000000075000000 - 0x00000000753e9000 	C:\Program Files\MATLAB_RONNY\MATLAB\R2012b\bin\win64\iqm.dll
0x0000000074e80000 - 0x0000000074f38000 	C:\Program Files\MATLAB_RONNY\MATLAB\R2012b\bin\win64\m_dispatcher.dll
0x0000000004fd0000 - 0x00000000050bd000 	C:\Program Files\MATLAB_RONNY\MATLAB\R2012b\bin\win64\boost_regex-vc90-mt-1_44.dll
0x000007feea6a0000 - 0x000007feeaf11000 	C:\Program Files\MATLAB_RONNY\MATLAB\R2012b\bin\win64\m_interpreter.dll
0x0000000073260000 - 0x0000000073287000 	C:\Program Files\MATLAB_RONNY\MATLAB\R2012b\bin\win64\libmex.dll
0x0000000072c20000 - 0x0000000072ca4000 	C:\Program Files\MATLAB_RONNY\MATLAB\R2012b\bin\win64\profiler.dll
0x0000000005100000 - 0x000000000536a000 	C:\Program Files\MATLAB_RONNY\MATLAB\R2012b\bin\win64\libmwmathutil.dll
0x0000000079f40000 - 0x0000000079f6e000 	C:\Program Files\MATLAB_RONNY\MATLAB\R2012b\bin\win64\libmwmathrng.dll
0x0000000005390000 - 0x00000000053a2000 	C:\Program Files\MATLAB_RONNY\MATLAB\R2012b\bin\win64\libmwmfl_rng.dll
0x0000000074c10000 - 0x0000000074cee000 	C:\Program Files\MATLAB_RONNY\MATLAB\R2012b\bin\win64\libmwmathcore.dll
0x0000000076160000 - 0x00000000761ca000 	C:\Program Files\MATLAB_RONNY\MATLAB\R2012b\bin\win64\libmwspmatrix.dll
0x0000000075ea0000 - 0x0000000075f02000 	C:\Program Files\MATLAB_RONNY\MATLAB\R2012b\bin\win64\libmwcholmod.dll
0x000000007a460000 - 0x000000007a46d000 	C:\Program Files\MATLAB_RONNY\MATLAB\R2012b\bin\win64\libmwamd.dll
0x000000007a4b0000 - 0x000000007a4bc000 	C:\Program Files\MATLAB_RONNY\MATLAB\R2012b\bin\win64\libmwcolamd.dll
0x000000007a290000 - 0x000000007a2a9000 	C:\Program Files\MATLAB_RONNY\MATLAB\R2012b\bin\win64\libmwblas.dll
0x000000007a310000 - 0x000000007a321000 	C:\Program Files\MATLAB_RONNY\MATLAB\R2012b\bin\win64\libmwbinder.dll
0x000000007a4d0000 - 0x000000007a4dc000 	C:\Program Files\MATLAB_RONNY\MATLAB\R2012b\bin\win64\libmwompwrapper.dll
0x0000000005440000 - 0x00000000054c5000 	C:\Program Files\MATLAB_RONNY\MATLAB\R2012b\bin\win64\libmwlapack.dll
0x0000000072ee0000 - 0x0000000072f01000 	C:\Program Files\MATLAB_RONNY\MATLAB\R2012b\bin\win64\m_pcodeio.dll
0x0000000079b10000 - 0x0000000079b77000 	C:\Program Files\MATLAB_RONNY\MATLAB\R2012b\bin\win64\m_ir.dll
0x00000000725b0000 - 0x0000000072c20000 	C:\Program Files\MATLAB_RONNY\MATLAB\R2012b\bin\win64\m_parser.dll
0x0000000072ec0000 - 0x0000000072eda000 	C:\Program Files\MATLAB_RONNY\MATLAB\R2012b\bin\win64\ir_xfmr.dll
0x000007feed970000 - 0x000007feedc06000 	C:\Program Files\MATLAB_RONNY\MATLAB\R2012b\bin\win64\mcos.dll
0x0000000072570000 - 0x0000000072581000 	C:\Program Files\MATLAB_RONNY\MATLAB\R2012b\bin\win64\mtok.dll
0x0000000072530000 - 0x0000000072561000 	C:\Program Files\MATLAB_RONNY\MATLAB\R2012b\bin\win64\m_pcodegen.dll
0x0000000079fb0000 - 0x0000000079fe6000 	C:\Program Files\MATLAB_RONNY\MATLAB\R2012b\bin\win64\libmwbridge.dll
0x000000006f490000 - 0x000000006f558000 	C:\Program Files\MATLAB_RONNY\MATLAB\R2012b\bin\win64\udd.dll
0x000000006f330000 - 0x000000006f482000 	C:\Program Files\MATLAB_RONNY\MATLAB\R2012b\bin\win64\libmwgui.dll
0x0000000072590000 - 0x00000000725a7000 	C:\Program Files\MATLAB_RONNY\MATLAB\R2012b\bin\win64\graphics_util.dll
0x000000006e8d0000 - 0x000000006f32f000 	C:\Program Files\MATLAB_RONNY\MATLAB\R2012b\bin\win64\hg.dll
0x00000000055a0000 - 0x0000000005608000 	C:\Program Files\MATLAB_RONNY\MATLAB\R2012b\bin\win64\libmat.dll
0x0000000005620000 - 0x0000000005834000 	C:\Program Files\MATLAB_RONNY\MATLAB\R2012b\bin\win64\hdf5dll.dll
0x0000000075710000 - 0x00000000757de000 	C:\Program Files\MATLAB_RONNY\MATLAB\R2012b\bin\win64\jmi.dll
0x0000000005860000 - 0x000000000586d000 	C:\Program Files\MATLAB_RONNY\MATLAB\R2012b\bin\win64\nativejava_services.dll
0x0000000072400000 - 0x0000000072446000 	C:\Program Files\MATLAB_RONNY\MATLAB\R2012b\bin\win64\libmwhardcopy.dll
0x00000000722b0000 - 0x0000000072313000 	C:\Program Files\MATLAB_RONNY\MATLAB\R2012b\bin\win64\libuij.dll
0x000000006e660000 - 0x000000006e8c4000 	C:\Program Files\MATLAB_RONNY\MATLAB\R2012b\bin\win64\hgdatatypes.dll
0x000000006e540000 - 0x000000006e65f000 	C:\Program Files\MATLAB_RONNY\MATLAB\R2012b\bin\win64\hgutils.dll
0x000000006f570000 - 0x000000006f630000 	C:\Program Files\MATLAB_RONNY\MATLAB\R2012b\bin\win64\udd_mi.dll
0x00000000058d0000 - 0x000000000590b000 	C:\Program Files\MATLAB_RONNY\MATLAB\R2012b\bin\win64\libmwgbtutils.dll
0x0000000005920000 - 0x000000000593b000 	C:\Program Files\MATLAB_RONNY\MATLAB\R2012b\bin\win64\libmwgbt.dll
0x0000000005950000 - 0x0000000005c21000 	C:\Program Files\MATLAB_RONNY\MATLAB\R2012b\bin\win64\uiw.dll
0x0000000073e30000 - 0x0000000073e3f000 	C:\Program Files\MATLAB_RONNY\MATLAB\R2012b\bin\win64\uinone.dll
0x0000000005c50000 - 0x0000000005c79000 	C:\Program Files\MATLAB_RONNY\MATLAB\R2012b\bin\win64\libmwnativefiledialogs.dll
0x0000000005c90000 - 0x0000000005c98000 	C:\Program Files\MATLAB_RONNY\MATLAB\R2012b\bin\win64\libmwplatform_res.dll
0x000007fef95c0000 - 0x000007fef95d8000 	C:\Windows\system32\MPR.dll
0x000000006e050000 - 0x000000006e534000 	C:\Windows\WinSxS\amd64_microsoft.vc90.mfc_1fc8b3b9a1e18e3b_9.0.30729.6161_none_044aad0bab1eb146\mfc90.dll
0x000007fef9040000 - 0x000007fef9047000 	C:\Windows\system32\MSIMG32.dll
0x000007fef8260000 - 0x000007fef82d1000 	C:\Windows\system32\WINSPOOL.DRV
0x0000000072500000 - 0x0000000072522000 	C:\Program Files\MATLAB_RONNY\MATLAB\R2012b\bin\win64\mwoles05.DLL
0x000000006dfd0000 - 0x000000006e04d000 	C:\Program Files\MATLAB_RONNY\MATLAB\R2012b\bin\win64\comcli.dll
0x00000000749f0000 - 0x0000000074a1f000 	C:\Windows\WinSxS\amd64_microsoft.vc90.atl_1fc8b3b9a1e18e3b_9.0.30729.6161_none_0a1fd3a3a768b895\ATL90.DLL
0x0000000073f30000 - 0x0000000073f3c000 	C:\Program Files\MATLAB_RONNY\MATLAB\R2012b\bin\win64\mlautoregister.dll
0x000007fefeb80000 - 0x000007fefebae000 	C:\Windows\system32\IMM32.DLL
0x000007fefee70000 - 0x000007fefef79000 	C:\Windows\system32\MSCTF.dll
0x000007fefbce0000 - 0x000007fefbd36000 	C:\Windows\system32\UxTheme.dll
0x000007fefb900000 - 0x000007fefb918000 	C:\Windows\system32\dwmapi.dll
0x0000000072eb0000 - 0x0000000072ebd000 	C:\Windows\WinSxS\amd64_microsoft.vc90.mfcloc_1fc8b3b9a1e18e3b_9.0.30729.6161_none_01c9581e60cbee58\MFC90ENU.DLL
0x0000000078870000 - 0x0000000078ecd000 	C:\Program Files\MATLAB_RONNY\MATLAB\R2012b\sys\java\jre\win64\jre\bin\server\jvm.dll
0x000007fef88d0000 - 0x000007fef890b000 	C:\Windows\system32\WINMM.dll
0x000007fefd7a0000 - 0x000007fefd7af000 	C:\Windows\system32\profapi.dll
0x000007fefb570000 - 0x000007fefb585000 	C:\Windows\system32\NLAapi.dll
0x000007fef7f50000 - 0x000007fef7f65000 	C:\Windows\system32\napinsp.dll
0x000007fef7f30000 - 0x000007fef7f49000 	C:\Windows\system32\pnrpnsp.dll
0x000007fefcf70000 - 0x000007fefcfc5000 	C:\Windows\System32\mswsock.dll
0x000007fefcdb0000 - 0x000007fefce0b000 	C:\Windows\system32\DNSAPI.dll
0x000007fef7ba0000 - 0x000007fef7bab000 	C:\Windows\System32\winrnr.dll
0x000007fef7b80000 - 0x000007fef7b90000 	C:\Windows\system32\wshbth.dll

VM Arguments:
jvm_args: -Xss512k -XX:PermSize=32m -Xms64m -XX:NewRatio=3 -XX:MaxPermSize=128m -Xmx2027m -XX:MaxDirectMemorySize=2147400000 -Dsun.java2d.noddraw=true -Dsun.awt.nopixfmt=true -Xshare:off -Xrs -Dsun.awt.disableMixing=true -Djava.library.path=C:\Program Files\MATLAB_RONNY\MATLAB\R2012b\bin\win64;C:\Program Files\MATLAB_RONNY\MATLAB\R2012b\sys\jxbrowser\win64\lib vfprintf abort 
java_command: <unknown>
Launcher Type: generic

Environment Variables:
CLASSPATH=.;C:\Program Files (x86)\QuickTime\QTSystem\QTJava.zip
PATH=C:\ProgramData\Oracle\Java\javapath;C:\Program Files\Common Files\Microsoft Shared\Windows Live;C:\Program Files (x86)\Common Files\Microsoft Shared\Windows Live;C:\Program Files (x86)\NVIDIA Corporation\PhysX\Common;C:\Program Files (x86)\Intel\iCLS Client\;C:\Program Files\Intel\iCLS Client\;C:\Windows\system32;C:\Windows;C:\Windows\System32\Wbem;C:\Windows\System32\WindowsPowerShell\v1.0\;C:\Program Files\Intel\Intel(R) Management Engine Components\DAL;C:\Program Files\Intel\Intel(R) Management Engine Components\IPT;C:\Program Files (x86)\Intel\Intel(R) Management Engine Components\DAL;C:\Program Files (x86)\Intel\Intel(R) Management Engine Components\IPT;C:\Program Files (x86)\Windows Live\Shared;C:\Program Files (x86)\QuickTime\QTSystem\;C:\Program Files\SlikSvn\bin;C:\Program Files\MATLAB\MATLAB Production Server\R2015a\runtime\win64;C:\Program Files\MATLAB\MATLAB Production Server\R2015a\bin;C:\Program Files\MATLAB\MATLAB Production Server\R2015a\polyspace\bin;C:\Program Files (x86)\Skype\Phone\;C:\Program Files\Java\jdk1.8.0_65\bin;C:\Program Files\MATLAB_RONNY\MATLAB\R2012b\toolbox\imaq\imaqextern\drivers\win64\genicam\GenICam_v2_3\bin\Win64_x64
USERNAME=Like_A
OS=Windows_NT
PROCESSOR_IDENTIFIER=Intel64 Family 6 Model 60 Stepping 3, GenuineIntel



---------------  S Y S T E M  ---------------

OS: Windows 7 Build 7601 Service Pack 1

CPU:total 8 (8 cores per cpu, 2 threads per core) family 6 model 60 stepping 3, cmov, cx8, fxsr, mmx, sse, sse2, sse3, ssse3, sse4.1, sse4.2, ht

Memory: 4k page, physical 8304136k(5412028k free), swap 16606436k(13511724k free)

vm_info: Java HotSpot(TM) 64-Bit Server VM (14.3-b01) for windows-amd64 JRE (1.6.0_17-b04), built on Oct 11 2009 00:46:08 by "java_re" with MS VC++ 8.0

time: Fri Dec 25 00:01:25 2015
elapsed time: 2709 seconds

